(000.000000) can0 7E9#0201F45555555555
(000.002933) can0 7E8#0041F40000
(000.020097) can0 7E1#0201495555555555
(000.022081) can0 7E5#0201F65555555555
(000.022264) can0 7E0#004149C900
(000.024027) can0 7E4#0041F600
(000.025040) can0 7E7#0201F55555555555
(000.026912) can0 7E6#0041F500
(000.046131) can0 7E1#0201495555555555
(000.047131) can0 7E0#004149C800
(000.048050) can0 7E5#0201F65555555555
(000.050054) can0 7E3#0201115555555555
(000.050225) can0 7E4#0041F600
(000.051984) can0 7E2#004111C8
(000.072123) can0 7E1#0201495555555555
(000.074066) can0 7E0#004149C700
(000.074298) can0 7E5#0201F65555555555
(000.076019) can0 7E3#02010D5555555555
(000.076177) can0 7E4#0041F600
(000.077944) can0 7E2#00410DC7
(000.098008) can0 7E1#0201495555555555
(000.098985) can0 7E0#004149C500
(000.100031) can0 7E5#0201F65555555555
(000.100980) can0 7E9#0201F45555555555
(000.101939) can0 7E4#0041F600
(000.103114) can0 7E8#0041F40000
(000.123942) can0 7E1#0201495555555555
(000.125964) can0 7E7#0201F55555555555
(000.126153) can0 7E0#004149C400
(000.126379) can0 7E5#0201F65555555555
(000.126944) can0 7E6#0041F500
(000.127926) can0 7E4#0041F600
(000.150090) can0 7E1#0201495555555555
(000.151069) can0 7E3#0201115555555555
(000.151255) can0 7E0#004149C300
(000.151991) can0 7E5#0201F65555555555
(000.152161) can0 7E2#004111C2
(000.153883) can0 7E4#0041F600
(000.176021) can0 7E1#0201495555555555
(000.176935) can0 7E3#02010D5555555555
(000.177956) can0 7E5#0201F65555555555
(000.178140) can0 7E0#004149C100
(000.178309) can0 7E2#00410DC2
(000.179912) can0 7E4#0041F600
(000.201927) can0 7E9#0201F45555555555
(000.202159) can0 7E1#0201495555555555
(000.202870) can0 7E0#004149C000
(000.203908) can0 7E5#0201F65555555555
(000.204867) can0 7E8#0041F40000
(000.205847) can0 7E4#0041F600
(000.226926) can0 7E7#0201F55555555555
(000.227912) can0 7E1#0201495555555555
(000.228866) can0 7E6#0041F500
(000.229881) can0 7E0#004149BF00
(000.230912) can0 7E5#0201F65555555555
(000.232803) can0 7E4#0041F600
(000.251998) can0 7E3#0201115555555555
(000.254023) can0 7E1#0201495555555555
(000.254189) can0 7E2#004111BD
(000.254940) can0 7E0#004149BD00
(000.256991) can0 7E5#0201F65555555555
(000.258956) can0 7E4#0041F600
(000.277992) can0 7E3#02010D5555555555
(000.279840) can0 7E1#0201495555555555
(000.280008) can0 7E2#00410DBD
(000.281826) can0 7E0#004149BC00
(000.283857) can0 7E5#0201F65555555555
(000.285798) can0 7E4#0041F600
(000.303002) can0 7E9#0201F45555555555
(000.304970) can0 7E8#0041F40000
(000.306024) can0 7E1#0201495555555555
(000.306930) can0 7E0#004149BB00
(000.309880) can0 7E5#0201F65555555555
(000.311776) can0 7E4#0041F600
(000.327839) can0 7E7#0201F55555555555
(000.328883) can0 7E6#0041F500
(000.331858) can0 7E1#0201495555555555
(000.333804) can0 7E0#004149B900
(000.335852) can0 7E5#0201F65555555555
(000.337821) can0 7E4#0041F600
(000.352879) can0 7E3#0201115555555555
(000.353896) can0 7E2#004111B8
(000.357781) can0 7E1#0201495555555555
(000.358785) can0 7E0#004149B800
(000.361798) can0 7E5#0201F65555555555
(000.363786) can0 7E4#0041F600
(000.378827) can0 7E3#02010D5555555555
(000.379729) can0 7E2#00410DB8
(000.383746) can0 7E1#0201495555555555
(000.385748) can0 7E0#004149B700
(000.387759) can0 7E5#0201F65555555555
(000.390684) can0 7E4#0041F600
(000.403781) can0 7E9#0201F45555555555
(000.406739) can0 7E8#0041F40000
(000.409766) can0 7E1#0201495555555555
(000.410721) can0 7E0#004149B500
(000.413758) can0 7E5#0201F65555555555
(000.415695) can0 7E4#0041F600
(000.428854) can0 7E7#0201F55555555555
(000.430806) can0 7E6#0041F500
(000.435851) can0 7E1#0201495555555555
(000.437855) can0 7E0#004149B400
(000.439835) can0 7E5#0201F65555555555
(000.441792) can0 7E4#0041F600
(000.453739) can0 7E3#0201115555555555
(000.455691) can0 7E2#004111B3
(000.461842) can0 7E1#0201495555555555
(000.462848) can0 7E0#004149B300
(000.465731) can0 7E5#0201F65555555555
(000.467661) can0 7E4#0041F600
(000.479826) can0 7E3#02010D5555555555
(000.481795) can0 7E2#00410DB2
(000.487817) can0 7E1#0201495555555555
(000.489810) can0 7E0#004149B100
(000.491825) can0 7E5#0201F65555555555
(000.493758) can0 7E4#0041F600
(000.504811) can0 7E9#0201F45555555555
(000.506755) can0 7E8#0041F40000
(000.513785) can0 7E1#0201495555555555
(000.514823) can0 7E0#004149B000
(000.517759) can0 7E5#0201F65555555555
(000.519715) can0 7E4#0041F600
(000.529713) can0 7E7#0201F55555555555
(000.530652) can0 7E6#0041F500
(000.539810) can0 7E1#0201495555555555
(000.541778) can0 7E0#004149AF00
(000.543807) can0 7E5#0201F65555555555
(000.545646) can0 7E4#0041F600
(000.554712) can0 7E3#0201115555555555
(000.555667) can0 7E2#004111AE
(000.565808) can0 7E1#0201495555555555
(000.566799) can0 7E0#004149AD00
(000.569807) can0 7E5#0201F65555555555
(000.571725) can0 7E4#0041F600
(000.581792) can0 7E3#02010D5555555555
(000.582799) can0 7E2#00410DAD
(000.591679) can0 7E1#0201495555555555
(000.593594) can0 7E0#004149AC00
(000.595631) can0 7E5#0201F65555555555
(000.597588) can0 7E4#0041F600
(000.607662) can0 7E9#0201F45555555555
(000.610613) can0 7E8#0041F40000
(000.617770) can0 7E1#0201495555555555
(000.618745) can0 7E0#004149AB00
(000.621611) can0 7E5#0201F65555555555
(000.623573) can0 7E4#0041F600
(000.631758) can0 7E7#0201F55555555555
(000.633702) can0 7E6#0041F500
(000.643647) can0 7E1#0201495555555555
(000.645591) can0 7E0#004149A900
(000.647631) can0 7E5#0201F65555555555
(000.649582) can0 7E4#0041F600
(000.657738) can0 7E3#0201115555555555
(000.659678) can0 7E2#004111A9
(000.669630) can0 7E1#0201495555555555
(000.670605) can0 7E0#004149A800
(000.673631) can0 7E5#0201F65555555555
(000.675701) can0 7E4#0041F600
(000.683633) can0 7E3#02010D5555555555
(000.685561) can0 7E2#00410DA8
(000.695631) can0 7E1#0201495555555555
(000.697578) can0 7E0#004149A700
(000.699603) can0 7E5#0201F65555555555
(000.701525) can0 7E4#0041F600
(000.708720) can0 7E9#0201F45555555555
(000.710704) can0 7E8#0041F40000
(000.721642) can0 7E1#0201495555555555
(000.722707) can0 7E0#004149A600
(000.725707) can0 7E5#0201F65555555555
(000.727662) can0 7E4#0041F600
(000.733584) can0 7E7#0201F55555555555
(000.734539) can0 7E6#0041F500
(000.747576) can0 7E1#0201495555555555
(000.749543) can0 7E0#004149A400
(000.751683) can0 7E5#0201F65555555555
(000.753628) can0 7E4#0041F600
(000.758683) can0 7E3#0201115555555555
(000.759614) can0 7E2#004111A3
(000.773665) can0 7E1#0201495555555555
(000.774705) can0 7E0#004149A300
(000.777675) can0 7E5#0201F65555555555
(000.779491) can0 7E4#0041F600
(000.784560) can0 7E3#02010D5555555555
(000.785526) can0 7E2#00410DA3
(000.799738) can0 7E1#0201495555555555
(000.801618) can0 7E0#004149A100
(000.803676) can0 7E5#0201F65555555555
(000.805538) can0 7E4#0041F600
(000.809653) can0 7E9#0201F45555555555
(000.812653) can0 7E8#0041F40000
(000.825533) can0 7E1#0201495555555555
(000.826539) can0 7E0#004149A000
(000.829523) can0 7E5#0201F65555555555
(000.831469) can0 7E4#0041F600
(000.834535) can0 7E7#0201F55555555555
(000.836446) can0 7E6#0041F500
(000.851629) can0 7E1#0201495555555555
(000.853598) can0 7E0#0041499F00
(000.855609) can0 7E5#0201F65555555555
(000.857571) can0 7E4#0041F600
(000.859629) can0 7E3#0201115555555555
(000.861480) can0 7E2#0041119E
(000.877489) can0 7E1#0201495555555555
(000.878496) can0 7E0#0041499E00
(000.881491) can0 7E5#0201F65555555555
(000.883425) can0 7E4#0041F600
(000.885611) can0 7E3#02010D5555555555
(000.887571) can0 7E2#00410D9E
(000.903486) can0 7E1#0201495555555555
(000.905426) can0 7E0#0041499C00
(000.907439) can0 7E5#0201F65555555555
(000.909438) can0 7E4#0041F600
(000.910494) can0 7E9#0201F45555555555
(000.912428) can0 7E8#0041F40000
(000.929603) can0 7E1#0201495555555555
(000.930559) can0 7E0#0041499B00
(000.933529) can0 7E5#0201F65555555555
(000.935548) can0 7E7#0201F55555555555
(000.935722) can0 7E4#0041F600
(000.936561) can0 7E6#0041F500
(000.955589) can0 7E1#0201495555555555
(000.957548) can0 7E0#0041499A00
(000.959585) can0 7E5#0201F65555555555
(000.960603) can0 7E3#0201115555555555
(000.961572) can0 7E2#00411199
(000.961750) can0 7E4#0041F600
(000.981588) can0 7E1#0201495555555555
(000.982585) can0 7E0#0041499800
(000.985613) can0 7E5#0201F65555555555
(000.986610) can0 7E3#02010D5555555555
(000.987437) can0 7E4#0041F600
(000.987605) can0 7E2#00410D98
(001.007583) can0 7E1#0201495555555555
(001.009548) can0 7E0#0041499700
(001.011504) can0 7E9#0201F45555555555
(001.011734) can0 7E5#0201F65555555555
(001.013423) can0 7E4#0041F600
(001.014418) can0 7E8#0041F40000
(001.033549) can0 7E1#0201495555555555
(001.034554) can0 7E0#0041499600
(001.036463) can0 7E7#0201F55555555555
(001.037455) can0 7E5#0201F65555555555
(001.038421) can0 7E6#0041F500
(001.039420) can0 7E4#0041F600
(001.059469) can0 7E1#0201495555555555
(001.061402) can0 7E3#0201115555555555
(001.061594) can0 7E0#0041499400
(001.063428) can0 7E5#0201F65555555555
(001.063598) can0 7E2#00411194
(001.065401) can0 7E4#0041F600
(001.085562) can0 7E1#0201495555555555
(001.086548) can0 7E0#0041499300
(001.087591) can0 7E3#02010D5555555555
(001.089441) can0 7E5#0201F65555555555
(001.089611) can0 7E2#00410D93
(001.091375) can0 7E4#0041F600
(001.111480) can0 7E1#0201495555555555
(001.112445) can0 7E9#0201F45555555555
(001.113470) can0 7E0#0041499200
(001.114421) can0 7E8#0041F40000
(001.115416) can0 7E5#0201F65555555555
(001.117389) can0 7E4#0041F600
(001.137534) can0 7E1#0201495555555555
(001.137769) can0 7E7#0201F55555555555
(001.138496) can0 7E6#0041F500
(001.138670) can0 7E0#0041499000
(001.141521) can0 7E5#0201F65555555555
(001.143442) can0 7E4#0041F600
(001.162439) can0 7E3#0201115555555555
(001.163560) can0 7E1#0201495555555555
(001.163734) can0 7E2#0041118F
(001.165377) can0 7E0#0041498F00
(001.167373) can0 7E5#0201F65555555555
(001.169339) can0 7E4#0041F600
(001.188508) can0 7E3#02010D5555555555
(001.189538) can0 7E1#0201495555555555
(001.189707) can0 7E2#00410D8E
(001.190451) can0 7E0#0041498E00
(001.193364) can0 7E5#0201F65555555555
(001.195359) can0 7E4#0041F600
(001.213444) can0 7E9#0201F45555555555
(001.215501) can0 7E1#0201495555555555
(001.216467) can0 7E8#0041F40000
(001.217460) can0 7E0#0041498C00
(001.219487) can0 7E5#0201F65555555555
(001.221310) can0 7E4#0041F600
(001.238498) can0 7E7#0201F55555555555
(001.240425) can0 7E6#0041F500
(001.241489) can0 7E1#0201495555555555
(001.242469) can0 7E0#0041498B00
(001.245465) can0 7E5#0201F65555555555
(001.247331) can0 7E4#0041F600
(001.263465) can0 7E3#0201115555555555
(001.265428) can0 7E2#0041118A
(001.267476) can0 7E1#0201495555555555
(001.269426) can0 7E0#0041498A00
(001.271463) can0 7E5#0201F65555555555
(001.273414) can0 7E4#0041F600
(001.289462) can0 7E3#02010D5555555555
(001.291451) can0 7E2#00410D89
(001.293337) can0 7E1#0201495555555555
(001.294335) can0 7E0#0041498800
(001.297361) can0 7E5#0201F65555555555
(001.299321) can0 7E4#0041F600
(001.314438) can0 7E9#0201F45555555555
(001.316376) can0 7E8#0041F40000
(001.319419) can0 7E1#0201495555555555
(001.321375) can0 7E0#0041498700
(001.323419) can0 7E5#0201F65555555555
(001.325280) can0 7E4#0041F600
(001.339602) can0 7E7#0201F55555555555
(001.340488) can0 7E6#0041F500
(001.345469) can0 7E1#0201495555555555
(001.346497) can0 7E0#0041498600
(001.349425) can0 7E5#0201F65555555555
(001.351355) can0 7E4#0041F600
(001.364420) can0 7E3#0201115555555555
(001.365477) can0 7E2#00411185
(001.371451) can0 7E1#0201495555555555
(001.373397) can0 7E0#0041498400
(001.375410) can0 7E5#0201F65555555555
(001.377416) can0 7E4#0041F600
(001.390441) can0 7E3#02010D5555555555
(001.391491) can0 7E2#00410D84
(001.397462) can0 7E1#0201495555555555
(001.398392) can0 7E0#0041498300
(001.401433) can0 7E5#0201F65555555555
(001.403363) can0 7E4#0041F600
(001.415413) can0 7E9#0201F45555555555
(001.418384) can0 7E8#0041F40000
(001.423542) can0 7E1#0201495555555555
(001.425386) can0 7E0#0041498200
(001.427415) can0 7E5#0201F65555555555
(001.429393) can0 7E4#0041F600
(001.440292) can0 7E7#0201F55555555555
(001.442230) can0 7E6#0041F500
(001.449272) can0 7E1#0201495555555555
(001.450273) can0 7E0#0041498000
(001.453292) can0 7E5#0201F65555555555
(001.455226) can0 7E4#0041F600
(001.465426) can0 7E3#0201115555555555
(001.467387) can0 7E2#0041117F
(001.475389) can0 7E1#0201495555555555
(001.477371) can0 7E0#0041497F00
(001.479281) can0 7E5#0201F65555555555
(001.481197) can0 7E4#0041F600
(001.491286) can0 7E3#02010D5555555555
(001.493226) can0 7E2#00410D7E
(001.501392) can0 7E1#0201495555555555
(001.502323) can0 7E0#0041497E00
(001.505406) can0 7E5#0201F65555555555
(001.507355) can0 7E4#0041F600
(001.516606) can0 7E9#0201F45555555555
(001.519569) can0 7E8#0041F40000
(001.527485) can0 7E1#0201495555555555
(001.529408) can0 7E0#0041497C00
(001.531448) can0 7E5#0201F65555555555
(001.533457) can0 7E4#0041F600
(001.541487) can0 7E7#0201F55555555555
(001.542447) can0 7E6#0041F500
(001.553415) can0 7E1#0201495555555555
(001.554440) can0 7E0#0041497B00
(001.557442) can0 7E5#0201F65555555555
(001.559365) can0 7E4#0041F600
(001.566427) can0 7E3#0201115555555555
(001.567474) can0 7E2#0041117A
(001.579258) can0 7E1#0201495555555555
(001.581216) can0 7E0#0041497A00
(001.583229) can0 7E5#0201F65555555555
(001.585171) can0 7E4#0041F600
(001.592258) can0 7E3#02010D5555555555
(001.593267) can0 7E2#00410D79
(001.605218) can0 7E1#0201495555555555
(001.606204) can0 7E0#0041497800
(001.609213) can0 7E5#0201F65555555555
(001.611154) can0 7E4#0041F600
(001.617224) can0 7E9#0201F45555555555
(001.620177) can0 7E8#0041F40000
(001.631212) can0 7E1#0201495555555555
(001.633194) can0 7E0#0041497700
(001.635222) can0 7E5#0201F65555555555
(001.637161) can0 7E4#0041F600
(001.642207) can0 7E7#0201F55555555555
(001.644168) can0 7E6#0041F500
(001.657327) can0 7E1#0201495555555555
(001.658260) can0 7E0#0041497600
(001.661378) can0 7E5#0201F65555555555
(001.663333) can0 7E4#0041F600
(001.667358) can0 7E3#0201115555555555
(001.669160) can0 7E2#00411175
(001.683193) can0 7E1#0201495555555555
(001.685173) can0 7E0#0041497400
(001.687180) can0 7E5#0201F65555555555
(001.689159) can0 7E4#0041F600
(001.693186) can0 7E3#02010D5555555555
(001.695302) can0 7E2#00410D74
(001.709342) can0 7E1#0201495555555555
(001.710235) can0 7E0#0041497300
(001.713306) can0 7E5#0201F65555555555
(001.715303) can0 7E4#0041F600
(001.718175) can0 7E9#0201F45555555555
(001.720166) can0 7E8#0041F40000
(001.735196) can0 7E1#0201495555555555
(001.737107) can0 7E0#0041497200
(001.739198) can0 7E5#0201F65555555555
(001.741107) can0 7E4#0041F600
(001.743151) can0 7E7#0201F55555555555
(001.744183) can0 7E6#0041F500
(001.761195) can0 7E1#0201495555555555
(001.762103) can0 7E0#0041497000
(001.765036) can0 7E5#0201F65555555555
(001.767002) can0 7E4#0041F600
(001.768082) can0 7E3#0201115555555555
(001.769037) can0 7E2#00411170
(001.787072) can0 7E1#0201495555555555
(001.789052) can0 7E0#0041496F00
(001.791075) can0 7E5#0201F65555555555
(001.793046) can0 7E4#0041F600
(001.794069) can0 7E3#02010D5555555555
(001.795005) can0 7E2#00410D6F
(001.813039) can0 7E1#0201495555555555
(001.814018) can0 7E0#0041496E00
(001.817054) can0 7E5#0201F65555555555
(001.819053) can0 7E9#0201F45555555555
(001.819225) can0 7E4#0041F600
(001.822015) can0 7E8#0041F40000
(001.839145) can0 7E1#0201495555555555
(001.841138) can0 7E0#0041496C00
(001.843150) can0 7E5#0201F65555555555
(001.844078) can0 7E7#0201F55555555555
(001.844992) can0 7E4#0041F600
(001.845989) can0 7E6#0041F500
(001.865025) can0 7E1#0201495555555555
(001.865996) can0 7E0#0041496B00
(001.868997) can0 7E3#0201115555555555
(001.869223) can0 7E5#0201F65555555555
(001.870964) can0 7E4#0041F600
(001.871136) can0 7E2#0041116B
(001.891122) can0 7E1#0201495555555555
(001.893101) can0 7E0#0041496A00
(001.895116) can0 7E5#0201F65555555555
(001.895345) can0 7E3#02010D5555555555
(001.897055) can0 7E4#0041F600
(001.897225) can0 7E2#00410D6A
(001.917128) can0 7E1#0201495555555555
(001.917979) can0 7E0#0041496900
(001.920101) can0 7E9#0201F45555555555
(001.921140) can0 7E5#0201F65555555555
(001.921983) can0 7E8#0041F40000
(001.922956) can0 7E4#0041F600
(001.943094) can0 7E1#0201495555555555
(001.945103) can0 7E7#0201F55555555555
(001.945286) can0 7E0#0041496700
(001.945972) can0 7E6#0041F500
(001.947027) can0 7E5#0201F65555555555
(001.948915) can0 7E4#0041F600
(001.968973) can0 7E1#0201495555555555
(001.969972) can0 7E3#0201115555555555
(001.970160) can0 7E0#0041496600
(001.970959) can0 7E2#00411166
(001.972949) can0 7E5#0201F65555555555
(001.975039) can0 7E4#0041F600
(001.995063) can0 7E1#0201495555555555
(001.995968) can0 7E3#02010D5555555555
(001.996931) can0 7E0#0041496400
(001.997103) can0 7E2#00410D65
(001.998949) can0 7E5#0201F65555555555
(002.000872) can0 7E4#0041F600
(002.021034) can0 7E1#0201495555555555
(002.021268) can0 7E9#0201F45555555555
(002.022028) can0 7E0#0041496300
(002.024005) can0 7E8#0041F40000
(002.025078) can0 7E5#0201F65555555555
(002.026940) can0 7E4#0041F600
(002.045926) can0 7E7#0201F55555555555
(002.046954) can0 7E1#0201495555555555
(002.047869) can0 7E6#0041F500
(002.048855) can0 7E0#0041496200
(002.050902) can0 7E5#0201F65555555555
(002.052822) can0 7E4#0041F600
(002.071023) can0 7E3#0201115555555555
(002.073010) can0 7E1#0201495555555555
(002.073182) can0 7E2#00411160
(002.073883) can0 7E0#0041496100
(002.076978) can0 7E5#0201F65555555555
(002.078967) can0 7E4#0041F600
(002.096870) can0 7E3#02010D5555555555
(002.098896) can0 7E1#0201495555555555
(002.099064) can0 7E2#00410D60
(002.100863) can0 7E0#0041495F00
(002.103935) can0 7E5#0201F65555555555
(002.105949) can0 7E4#0041F600
(002.121896) can0 7E9#0201F45555555555
(002.123842) can0 7E8#0041F40000
(002.124876) can0 7E1#0201495555555555
(002.125894) can0 7E0#0041495E00
(002.130997) can0 7E5#0201F65555555555
(002.132927) can0 7E4#0041F600
(002.146861) can0 7E7#0201F55555555555
(002.147814) can0 7E6#0041F500
(002.150858) can0 7E1#0201495555555555
(002.152850) can0 7E0#0041495D00
(002.157846) can0 7E5#0201F65555555555
(002.159809) can0 7E4#0041F600
(002.171971) can0 7E3#0201115555555555
(002.172953) can0 7E2#0041115B
(002.176811) can0 7E1#0201495555555555
(002.177850) can0 7E0#0041495B00
(002.183829) can0 7E5#0201F65555555555
(002.185768) can0 7E4#0041F600
(002.197860) can0 7E3#02010D5555555555
(002.198923) can0 7E2#00410D5A
(002.202944) can0 7E1#0201495555555555
(002.204931) can0 7E0#0041495A00
(002.211951) can0 7E5#0201F65555555555
(002.213891) can0 7E4#0041F600
(002.222953) can0 7E9#0201F45555555555
(002.227933) can0 7E8#0041F40000
(002.228956) can0 7E1#0201495555555555
(002.229910) can0 7E0#0041495900
(002.237858) can0 7E5#0201F65555555555
(002.240716) can0 7E4#0041F600
(002.247789) can0 7E7#0201F55555555555
(002.249800) can0 7E6#0041F500
(002.254928) can0 7E1#0201495555555555
(002.256809) can0 7E0#0041495700
(002.263829) can0 7E5#0201F65555555555
(002.265757) can0 7E4#0041F600
(002.272789) can0 7E3#0201115555555555
(002.274730) can0 7E2#00411156
(002.280790) can0 7E1#0201495555555555
(002.281792) can0 7E0#0041495600
(002.289795) can0 7E5#0201F65555555555
(002.291735) can0 7E4#0041F600
(002.298894) can0 7E3#02010D5555555555
(002.300746) can0 7E2#00410D55
(002.306770) can0 7E1#0201495555555555
(002.308803) can0 7E0#0041495500
(002.315918) can0 7E5#0201F65555555555
(002.317894) can0 7E4#0041F600
(002.324817) can0 7E9#0201F45555555555
(002.326762) can0 7E8#0041F40000
(002.332788) can0 7E1#0201495555555555
(002.333754) can0 7E0#0041495300
(002.342803) can0 7E5#0201F65555555555
(002.344719) can0 7E4#0041F600
(002.349893) can0 7E7#0201F55555555555
(002.350883) can0 7E6#0041F500
(002.358875) can0 7E1#0201495555555555
(002.360847) can0 7E0#0041495200
(002.368866) can0 7E5#0201F65555555555
(002.371679) can0 7E4#0041F600
(002.374713) can0 7E3#0201115555555555
(002.375702) can0 7E2#00411151
(002.384787) can0 7E1#0201495555555555
(002.385752) can0 7E0#0041495100
(002.394749) can0 7E5#0201F65555555555
(002.396690) can0 7E4#0041F600
(002.400785) can0 7E3#02010D5555555555
(002.401738) can0 7E2#00410D50
(002.410851) can0 7E1#0201495555555555
(002.412824) can0 7E0#0041494F00
(002.420727) can0 7E5#0201F65555555555
(002.422688) can0 7E4#0041F600
(002.425712) can0 7E9#0201F45555555555
(002.428688) can0 7E8#0041F40000
(002.436836) can0 7E1#0201495555555555
(002.437860) can0 7E0#0041494E00
(002.446811) can0 7E5#0201F65555555555
(002.448767) can0 7E4#0041F600
(002.450720) can0 7E7#0201F55555555555
(002.452708) can0 7E6#0041F500
(002.462733) can0 7E1#0201495555555555
(002.464661) can0 7E0#0041494D00
(002.472691) can0 7E5#0201F65555555555
(002.474688) can0 7E4#0041F600
(002.475733) can0 7E3#0201115555555555
(002.477664) can0 7E2#0041114C
(002.488794) can0 7E1#0201495555555555
(002.489798) can0 7E0#0041494B00
(002.498686) can0 7E5#0201F65555555555
(002.500617) can0 7E4#0041F600
(002.501677) can0 7E3#02010D5555555555
(002.503609) can0 7E2#00410D4B
(002.514810) can0 7E1#0201495555555555
(002.516761) can0 7E0#0041494A00
(002.524774) can0 7E5#0201F65555555555
(002.526797) can0 7E4#0041F600
(002.527853) can0 7E9#0201F45555555555
(002.529758) can0 7E8#0041F40000
(002.540903) can0 7E1#0201495555555555
(002.541807) can0 7E0#0041494900
(002.550906) can0 7E5#0201F65555555555
(002.552938) can0 7E7#0201F55555555555
(002.553113) can0 7E4#0041F600
(002.553804) can0 7E6#0041F500
(002.566780) can0 7E1#0201495555555555
(002.568715) can0 7E0#0041494700
(002.576786) can0 7E5#0201F65555555555
(002.578748) can0 7E3#0201115555555555
(002.578922) can0 7E4#0041F600
(002.579762) can0 7E2#00411147
(002.592777) can0 7E1#0201495555555555
(002.593896) can0 7E0#0041494600
(002.602762) can0 7E5#0201F65555555555
(002.604754) can0 7E3#02010D5555555555
(002.604930) can0 7E4#0041F600
(002.605622) can0 7E2#00410D46
(002.618757) can0 7E1#0201495555555555
(002.620710) can0 7E0#0041494500
(002.628742) can0 7E5#0201F65555555555
(002.629774) can0 7E9#0201F45555555555
(002.630600) can0 7E4#0041F600
(002.632637) can0 7E8#0041F40000
(002.644743) can0 7E1#0201495555555555
(002.645702) can0 7E0#0041494300
(002.654600) can0 7E5#0201F65555555555
(002.654832) can0 7E7#0201F55555555555
(002.656525) can0 7E6#0041F500
(002.656698) can0 7E4#0041F600
(002.670610) can0 7E1#0201495555555555
(002.672588) can0 7E0#0041494200
(002.679708) can0 7E3#0201115555555555
(002.680767) can0 7E5#0201F65555555555
(002.681673) can0 7E2#00411141
(002.682650) can0 7E4#0041F600
(002.696705) can0 7E1#0201495555555555
(002.697736) can0 7E0#0041494100
(002.705564) can0 7E3#02010D5555555555
(002.706596) can0 7E5#0201F65555555555
(002.707555) can0 7E2#00410D40
(002.708568) can0 7E4#0041F600
(002.722689) can0 7E1#0201495555555555
(002.724647) can0 7E0#0041493F00
(002.730685) can0 7E9#0201F45555555555
(002.732686) can0 7E5#0201F65555555555
(002.732880) can0 7E8#0041F40000
(002.734642) can0 7E4#0041F600
(002.748586) can0 7E1#0201495555555555
(002.749578) can0 7E0#0041493E00
(002.755517) can0 7E7#0201F55555555555
(002.756518) can0 7E6#0041F500
(002.758526) can0 7E5#0201F65555555555
(002.760468) can0 7E4#0041F600
(002.774650) can0 7E1#0201495555555555
(002.776585) can0 7E0#0041493D00
(002.780520) can0 7E3#0201115555555555
(002.781466) can0 7E2#0041113C
(002.784492) can0 7E5#0201F65555555555
(002.786459) can0 7E4#0041F600
(002.800572) can0 7E1#0201495555555555
(002.801540) can0 7E0#0041493B00
(002.806606) can0 7E3#02010D5555555555
(002.807629) can0 7E2#00410D3B
(002.810527) can0 7E5#0201F65555555555
(002.812455) can0 7E4#0041F600
(002.826463) can0 7E1#0201495555555555
(002.828452) can0 7E0#0041493A00
(002.831484) can0 7E9#0201F45555555555
(002.834488) can0 7E8#0041F40000
(002.836485) can0 7E5#0201F65555555555
(002.838427) can0 7E4#0041F600
(002.852497) can0 7E1#0201495555555555
(002.853525) can0 7E0#0041493900
(002.856506) can0 7E7#0201F55555555555
(002.858530) can0 7E6#0041F500
(002.862577) can0 7E5#0201F65555555555
(002.864548) can0 7E4#0041F600
(002.878586) can0 7E1#0201495555555555
(002.880571) can0 7E0#0041493700
(002.881633) can0 7E3#0201115555555555
(002.883457) can0 7E2#00411137
(002.888476) can0 7E5#0201F65555555555
(002.890426) can0 7E4#0041F600
(002.904464) can0 7E1#0201495555555555
(002.905417) can0 7E0#0041493600
(002.907445) can0 7E3#02010D5555555555
(002.909371) can0 7E2#00410D36
(002.914470) can0 7E5#0201F65555555555
(002.916377) can0 7E4#0041F600
(002.930563) can0 7E1#0201495555555555
(002.932540) can0 7E9#0201F45555555555
(002.932726) can0 7E0#0041493500
(002.934408) can0 7E8#0041F40000
(002.940458) can0 7E5#0201F65555555555
(002.942400) can0 7E4#0041F600
(002.956543) can0 7E1#0201495555555555
(002.957560) can0 7E7#0201F55555555555
(002.957751) can0 7E0#0041493400
(002.958491) can0 7E6#0041F500
(002.966373) can0 7E5#0201F65555555555
(002.968349) can0 7E4#0041F600
(002.982402) can0 7E1#0201495555555555
(002.982633) can0 7E3#0201115555555555
(002.983403) can0 7E2#00411132
(002.984416) can0 7E0#0041493200
(002.992411) can0 7E5#0201F65555555555
(002.994404) can0 7E4#0041F600
(003.008517) can0 7E1#0201495555555555
(003.008740) can0 7E3#02010D5555555555
(003.009438) can0 7E0#0041493100
(003.009609) can0 7E2#00410D31
(003.018531) can0 7E5#0201F65555555555
(003.020427) can0 7E4#0041F600
(003.033439) can0 7E9#0201F45555555555
(003.034376) can0 7E1#0201495555555555
(003.036361) can0 7E8#0041F40000
(003.036549) can0 7E0#0041492F00
(003.044435) can0 7E5#0201F65555555555
(003.046430) can0 7E4#0041F600
(003.058515) can0 7E7#0201F55555555555
(003.060370) can0 7E6#0041F500
(003.060597) can0 7E1#0201495555555555
(003.061460) can0 7E0#0041492E00
(003.070459) can0 7E5#0201F65555555555
(003.072419) can0 7E4#0041F600
(003.083406) can0 7E3#0201115555555555
(003.085380) can0 7E2#0041112D
(003.086445) can0 7E1#0201495555555555
(003.088394) can0 7E0#0041492D00
(003.096429) can0 7E5#0201F65555555555
(003.098359) can0 7E4#0041F600
(003.109456) can0 7E3#02010D5555555555
(003.111443) can0 7E2#00410D2C
(003.112530) can0 7E1#0201495555555555
(003.113472) can0 7E0#0041492C00
(003.122328) can0 7E5#0201F65555555555
(003.124297) can0 7E4#0041F600
(003.134364) can0 7E9#0201F45555555555
(003.136419) can0 7E8#0041F40000
(003.138448) can0 7E1#0201495555555555
(003.140436) can0 7E0#0041492A00
(003.148438) can0 7E5#0201F65555555555
(003.150420) can0 7E4#0041F600
(003.159442) can0 7E7#0201F55555555555
(003.160383) can0 7E6#0041F500
(003.164447) can0 7E1#0201495555555555
(003.165430) can0 7E0#0041492900
(003.174313) can0 7E5#0201F65555555555
(003.176226) can0 7E4#0041F600
(003.184335) can0 7E3#0201115555555555
(003.185296) can0 7E2#00411128
(003.190304) can0 7E1#0201495555555555
(003.192256) can0 7E0#0041492800
(003.200289) can0 7E5#0201F65555555555
(003.202224) can0 7E4#0041F600
(003.210408) can0 7E3#02010D5555555555
(003.211400) can0 7E2#00410D27
(003.216390) can0 7E1#0201495555555555
(003.217269) can0 7E0#0041492600
(003.226330) can0 7E5#0201F65555555555
(003.228343) can0 7E4#0041F600
(003.235388) can0 7E9#0201F45555555555
(003.238355) can0 7E8#0041F40000
(003.242376) can0 7E1#0201495555555555
(003.244335) can0 7E0#0041492500
(003.252369) can0 7E5#0201F65555555555
(003.254358) can0 7E4#0041F600
(003.260431) can0 7E7#0201F55555555555
(003.262341) can0 7E6#0041F500
(003.268252) can0 7E1#0201495555555555
(003.269263) can0 7E0#0041492400
(003.278300) can0 7E5#0201F65555555555
(003.280203) can0 7E4#0041F600
(003.285263) can0 7E3#0201115555555555
(003.287348) can0 7E2#00411122
(003.294332) can0 7E1#0201495555555555
(003.296326) can0 7E0#0041492200
(003.304356) can0 7E5#0201F65555555555
(003.306330) can0 7E4#0041F600
(003.311244) can0 7E3#02010D5555555555
(003.313162) can0 7E2#00410D21
(003.320376) can0 7E1#0201495555555555
(003.321419) can0 7E0#0041492100
(003.330386) can0 7E5#0201F65555555555
(003.332366) can0 7E4#0041F600
(003.336425) can0 7E9#0201F45555555555
(003.338525) can0 7E8#0041F40000
(003.346578) can0 7E1#0201495555555555
(003.349510) can0 7E0#0041492000
(003.356335) can0 7E5#0201F65555555555
(003.358353) can0 7E4#0041F600
(003.361419) can0 7E7#0201F55555555555
(003.362421) can0 7E6#0041F500
(003.372367) can0 7E1#0201495555555555
(003.373419) can0 7E0#0041491E00
(003.382363) can0 7E5#0201F65555555555
(003.384327) can0 7E4#0041F600
(003.386352) can0 7E3#0201115555555555
(003.387415) can0 7E2#0041111D
(003.398382) can0 7E1#0201495555555555
(003.400328) can0 7E0#0041491D00
(003.408238) can0 7E5#0201F65555555555
(003.410197) can0 7E4#0041F600
(003.412243) can0 7E3#02010D5555555555
(003.413245) can0 7E2#00410D1C
(003.424247) can0 7E1#0201495555555555
(003.425251) can0 7E0#0041491C00
(003.434243) can0 7E5#0201F65555555555
(003.436081) can0 7E4#0041F600
(003.437164) can0 7E9#0201F45555555555
(003.440147) can0 7E8#0041F40000
(003.450150) can0 7E1#0201495555555555
(003.452129) can0 7E0#0041491A00
(003.460139) can0 7E5#0201F65555555555
(003.462176) can0 7E7#0201F55555555555
(003.462347) can0 7E4#0041F600
(003.464083) can0 7E6#0041F500
(003.476149) can0 7E1#0201495555555555
(003.477149) can0 7E0#0041491900
(003.486149) can0 7E5#0201F65555555555
(003.487202) can0 7E3#0201115555555555
(003.488157) can0 7E4#0041F600
(003.489095) can0 7E2#00411118
(003.502138) can0 7E1#0201495555555555
(003.504126) can0 7E0#0041491800
(003.512244) can0 7E5#0201F65555555555
(003.513276) can0 7E3#02010D5555555555
(003.514153) can0 7E4#0041F600
(003.515074) can0 7E2#00410D17
(003.528139) can0 7E1#0201495555555555
(003.529098) can0 7E0#0041491600
(003.538233) can0 7E5#0201F65555555555
(003.538462) can0 7E9#0201F45555555555
(003.540209) can0 7E8#0041F40000
(003.540382) can0 7E4#0041F600
(003.555103) can0 7E1#0201495555555555
(003.557067) can0 7E0#0041491500
(003.563092) can0 7E7#0201F55555555555
(003.564129) can0 7E5#0201F65555555555
(003.564298) can0 7E6#0041F500
(003.566178) can0 7E4#0041F600
(003.580184) can0 7E1#0201495555555555
(003.581233) can0 7E0#0041491400
(003.588396) can0 7E3#0201115555555555
(003.589273) can0 7E2#00411113
(003.590350) can0 7E5#0201F65555555555
(003.592217) can0 7E4#0041F600
(003.607286) can0 7E1#0201495555555555
(003.609218) can0 7E0#0041491200
(003.614243) can0 7E3#02010D5555555555
(003.615302) can0 7E2#00410D12
(003.616267) can0 7E5#0201F65555555555
(003.618198) can0 7E4#0041F600
(003.633252) can0 7E1#0201495555555555
(003.634332) can0 7E0#0041491100
(003.639247) can0 7E9#0201F45555555555
(003.642220) can0 7E5#0201F65555555555
(003.642413) can0 7E8#0041F40000
(003.644192) can0 7E4#0041F600
(003.659192) can0 7E1#0201495555555555
(003.661156) can0 7E0#0041491000
(003.664220) can0 7E7#0201F55555555555
(003.666352) can0 7E6#0041F500
(003.668415) can0 7E5#0201F65555555555
(003.671316) can0 7E4#0041F600
(003.685288) can0 7E1#0201495555555555
(003.687268) can0 7E0#0041490E00
(003.689159) can0 7E3#0201115555555555
(003.691163) can0 7E2#0041110E
(003.694164) can0 7E5#0201F65555555555
(003.696100) can0 7E4#0041F600
(003.711215) can0 7E1#0201495555555555
(003.713145) can0 7E0#0041490D00
(003.715170) can0 7E3#02010D5555555555
(003.717117) can0 7E2#00410D0D
(003.720199) can0 7E5#0201F65555555555
(003.722096) can0 7E4#0041F600
(003.737082) can0 7E1#0201495555555555
(003.738105) can0 7E0#0041490C00
(003.740038) can0 7E9#0201F45555555555
(003.742065) can0 7E8#0041F40000
(003.746079) can0 7E5#0201F65555555555
(003.748056) can0 7E4#0041F600
(003.763032) can0 7E1#0201495555555555
(003.765077) can0 7E7#0201F55555555555
(003.765266) can0 7E0#0041490A00
(003.766060) can0 7E6#0041F500
(003.772053) can0 7E5#0201F65555555555
(003.773981) can0 7E4#0041F600
(003.789030) can0 7E1#0201495555555555
(003.790083) can0 7E3#0201115555555555
(003.790265) can0 7E0#0041490900
(003.791090) can0 7E2#00411109
(003.798039) can0 7E5#0201F65555555555
(003.799989) can0 7E4#0041F600
(003.815174) can0 7E1#0201495555555555
(003.816071) can0 7E3#02010D5555555555
(003.817133) can0 7E0#0041490800
(003.817305) can0 7E2#00410D08
(003.824263) can0 7E5#0201F65555555555
(003.826135) can0 7E4#0041F600
(003.841107) can0 7E9#0201F45555555555
(003.841340) can0 7E1#0201495555555555
(003.843134) can0 7E0#0041490600
(003.844135) can0 7E8#0041F40000
(003.850103) can0 7E5#0201F65555555555
(003.852011) can0 7E4#0041F600
(003.866125) can0 7E7#0201F55555555555
(003.867108) can0 7E1#0201495555555555
(003.868100) can0 7E6#0041F500
(003.869146) can0 7E0#0041490500
(003.875997) can0 7E5#0201F65555555555
(003.877964) can0 7E4#0041F600
(003.890964) can0 7E3#0201115555555555
(003.892987) can0 7E1#0201495555555555
(003.893157) can0 7E2#00411104
(003.894008) can0 7E0#0041490400
(003.901976) can0 7E5#0201F65555555555
(003.903930) can0 7E4#0041F600
(003.917067) can0 7E3#02010D5555555555
(003.918933) can0 7E1#0201495555555555
(003.919110) can0 7E2#00410D02
(003.920926) can0 7E0#0041490200
(003.928948) can0 7E5#0201F65555555555
(003.930875) can0 7E4#0041F600
(003.942057) can0 7E9#0201F45555555555
(003.944058) can0 7E8#0041F40000
(003.945077) can0 7E1#0201495555555555
(003.946012) can0 7E0#0041490100
(003.954004) can0 7E5#0201F65555555555
(003.955953) can0 7E4#0041F600
(003.966878) can0 7E7#0201F55555555555
(003.967833) can0 7E6#0041F500
(003.970874) can0 7E1#0201495555555555
(003.972840) can0 7E0#0041490000
(003.980877) can0 7E5#0201F65555555555
(003.982804) can0 7E4#0041F600
(003.991968) can0 7E3#0201115555555555
(003.992963) can0 7E2#00411100
(003.996865) can0 7E1#0201495555555555
(003.997840) can0 7E0#0041490100
(004.006960) can0 7E5#0201F65555555555
(004.008904) can0 7E4#0041F600
(004.017866) can0 7E3#02010D5555555555
(004.018805) can0 7E2#00410D02
(004.022840) can0 7E1#0201495555555555
(004.024837) can0 7E0#0041490200
(004.032886) can0 7E5#0201F65555555555
(004.034816) can0 7E4#0041F600
(004.042824) can0 7E9#0201F45555555555
(004.045801) can0 7E8#0041F40000
(004.048833) can0 7E1#0201495555555555
(004.049820) can0 7E0#0041490300
(004.058923) can0 7E5#0201F65555555555
(004.061754) can0 7E4#0041F600
(004.067792) can0 7E7#0201F55555555555
(004.069745) can0 7E6#0041F500
(004.074801) can0 7E1#0201495555555555
(004.076839) can0 7E0#0041490500
(004.084898) can0 7E5#0201F65555555555
(004.086870) can0 7E4#0041F600
(004.092825) can0 7E3#0201115555555555
(004.094747) can0 7E2#00411106
(004.100921) can0 7E1#0201495555555555
(004.101950) can0 7E0#0041490600
(004.110772) can0 7E5#0201F65555555555
(004.112740) can0 7E4#0041F600
(004.118771) can0 7E3#02010D5555555555
(004.120729) can0 7E2#00410D07
(004.126900) can0 7E1#0201495555555555
(004.128876) can0 7E0#0041490700
(004.136892) can0 7E5#0201F65555555555
(004.138836) can0 7E4#0041F600
(004.143885) can0 7E9#0201F45555555555
(004.145853) can0 7E8#0041F40000
(004.152879) can0 7E1#0201495555555555
(004.153786) can0 7E0#0041490900
(004.162943) can0 7E5#0201F65555555555
(004.164822) can0 7E4#0041F600
(004.168912) can0 7E7#0201F55555555555
(004.169924) can0 7E6#0041F500
(004.178909) can0 7E1#0201495555555555
(004.180929) can0 7E0#0041490A00
(004.188797) can0 7E5#0201F65555555555
(004.190729) can0 7E4#0041F600
(004.193887) can0 7E3#0201115555555555
(004.194862) can0 7E2#0041110B
(004.204744) can0 7E1#0201495555555555
(004.205747) can0 7E0#0041490B00
(004.214754) can0 7E5#0201F65555555555
(004.216713) can0 7E4#0041F600
(004.219727) can0 7E3#02010D5555555555
(004.220696) can0 7E2#00410D0C
(004.230875) can0 7E1#0201495555555555
(004.232833) can0 7E0#0041490D00
(004.240848) can0 7E5#0201F65555555555
(004.242825) can0 7E4#0041F600
(004.244866) can0 7E9#0201F45555555555
(004.247695) can0 7E8#0041F40000
(004.256852) can0 7E1#0201495555555555
(004.257840) can0 7E0#0041490E00
(004.266838) can0 7E5#0201F65555555555
(004.268811) can0 7E4#0041F600
(004.269875) can0 7E7#0201F55555555555
(004.271802) can0 7E6#0041F500
(004.282759) can0 7E1#0201495555555555
(004.284798) can0 7E0#0041490F00
(004.292842) can0 7E5#0201F65555555555
(004.294712) can0 7E4#0041F600
(004.295684) can0 7E3#0201115555555555
(004.297647) can0 7E2#00411110
(004.308659) can0 7E1#0201495555555555
(004.309670) can0 7E0#0041491000
(004.318716) can0 7E5#0201F65555555555
(004.320594) can0 7E4#0041F600
(004.321694) can0 7E3#02010D5555555555
(004.323767) can0 7E2#00410D11
(004.334798) can0 7E1#0201495555555555
(004.336783) can0 7E0#0041491200
(004.344724) can0 7E5#0201F65555555555
(004.346681) can0 7E9#0201F45555555555
(004.346855) can0 7E4#0041F600
(004.348615) can0 7E8#0041F40000
(004.360821) can0 7E1#0201495555555555
(004.361704) can0 7E0#0041491300
(004.370661) can0 7E5#0201F65555555555
(004.371659) can0 7E7#0201F55555555555
(004.372615) can0 7E6#0041F500
(004.372785) can0 7E4#0041F600
(004.386769) can0 7E1#0201495555555555
(004.388599) can0 7E0#0041491400
(004.396632) can0 7E3#0201115555555555
(004.396860) can0 7E5#0201F65555555555
(004.397627) can0 7E2#00411115
(004.398623) can0 7E4#0041F600
(004.412656) can0 7E1#0201495555555555
(004.413629) can0 7E0#0041491600
(004.422730) can0 7E3#02010D5555555555
(004.422962) can0 7E5#0201F65555555555
(004.423713) can0 7E2#00410D17
(004.424716) can0 7E4#0041F600
(004.438643) can0 7E1#0201495555555555
(004.440582) can0 7E0#0041491700
(004.447614) can0 7E9#0201F45555555555
(004.448652) can0 7E5#0201F65555555555
(004.450699) can0 7E8#0041F40000
(004.450870) can0 7E4#0041F600
(004.464598) can0 7E1#0201495555555555
(004.465610) can0 7E0#0041491800
(004.472738) can0 7E7#0201F55555555555
(004.474717) can0 7E5#0201F65555555555
(004.474891) can0 7E6#0041F500
(004.476674) can0 7E4#0041F600
(004.490601) can0 7E1#0201495555555555
(004.492576) can0 7E0#0041491A00
(004.497599) can0 7E3#0201115555555555
(004.499584) can0 7E2#0041111A
(004.500616) can0 7E5#0201F65555555555
(004.502545) can0 7E4#0041F600
(004.516696) can0 7E1#0201495555555555
(004.517726) can0 7E0#0041491B00
(004.523680) can0 7E3#02010D5555555555
(004.525672) can0 7E2#00410D1C
(004.526726) can0 7E5#0201F65555555555
(004.528482) can0 7E4#0041F600
(004.542560) can0 7E1#0201495555555555
(004.544533) can0 7E0#0041491C00
(004.548697) can0 7E9#0201F45555555555
(004.550673) can0 7E8#0041F40000
(004.552695) can0 7E5#0201F65555555555
(004.554633) can0 7E4#0041F600
(004.568655) can0 7E1#0201495555555555
(004.569662) can0 7E0#0041491E00
(004.573660) can0 7E7#0201F55555555555
(004.574595) can0 7E6#0041F500
(004.578540) can0 7E5#0201F65555555555
(004.580459) can0 7E4#0041F600
(004.594558) can0 7E1#0201495555555555
(004.596489) can0 7E0#0041491F00
(004.598524) can0 7E3#0201115555555555
(004.599462) can0 7E2#0041111F
(004.604635) can0 7E5#0201F65555555555
(004.606594) can0 7E4#0041F600
(004.620638) can0 7E1#0201495555555555
(004.621625) can0 7E0#0041492000
(004.624481) can0 7E3#02010D5555555555
(004.625466) can0 7E2#00410D21
(004.630524) can0 7E5#0201F65555555555
(004.632442) can0 7E4#0041F600
(004.646619) can0 7E1#0201495555555555
(004.648514) can0 7E0#0041492200
(004.649552) can0 7E9#0201F45555555555
(004.652430) can0 7E8#0041F40000
(004.656491) can0 7E5#0201F65555555555
(004.658405) can0 7E4#0041F600
(004.672524) can0 7E1#0201495555555555
(004.673489) can0 7E0#0041492300
(004.674522) can0 7E7#0201F55555555555
(004.676459) can0 7E6#0041F500
(004.682515) can0 7E5#0201F65555555555
(004.684444) can0 7E4#0041F600
(004.698605) can0 7E1#0201495555555555
(004.699615) can0 7E3#0201115555555555
(004.700448) can0 7E0#0041492400
(004.701437) can0 7E2#00411125
(004.708586) can0 7E5#0201F65555555555
(004.710532) can0 7E4#0041F600
(004.724452) can0 7E1#0201495555555555
(004.725466) can0 7E3#02010D5555555555
(004.725652) can0 7E0#0041492600
(004.727393) can0 7E2#00410D26
(004.734453) can0 7E5#0201F65555555555
(004.736573) can0 7E4#0041F600
(004.750435) can0 7E9#0201F45555555555
(004.750667) can0 7E1#0201495555555555
(004.752543) can0 7E8#0041F40000
(004.752730) can0 7E0#0041492700
(004.760584) can0 7E5#0201F65555555555
(004.762370) can0 7E4#0041F600
(004.775424) can0 7E7#0201F55555555555
(004.776466) can0 7E1#0201495555555555
(004.776640) can0 7E6#0041F500
(004.777475) can0 7E0#0041492800
(004.786416) can0 7E5#0201F65555555555
(004.788502) can0 7E4#0041F600
(004.800528) can0 7E3#0201115555555555
(004.801522) can0 7E2#0041112A
(004.802594) can0 7E1#0201495555555555
(004.804498) can0 7E0#0041492A00
(004.812425) can0 7E5#0201F65555555555
(004.814319) can0 7E4#0041F600
(004.826381) can0 7E3#02010D5555555555
(004.827370) can0 7E2#00410D2B
(004.828432) can0 7E1#0201495555555555
(004.829389) can0 7E0#0041492B00
(004.838522) can0 7E5#0201F65555555555
(004.840487) can0 7E4#0041F600
(004.851491) can0 7E9#0201F45555555555
(004.854450) can0 7E8#0041F40000
(004.854678) can0 7E1#0201495555555555
(004.856327) can0 7E0#0041492C00
(004.864373) can0 7E5#0201F65555555555
(004.866342) can0 7E4#0041F600
(004.876379) can0 7E7#0201F55555555555
(004.878306) can0 7E6#0041F500
(004.880359) can0 7E1#0201495555555555
(004.881376) can0 7E0#0041492E00
(004.890374) can0 7E5#0201F65555555555
(004.892428) can0 7E4#0041F600
(004.901467) can0 7E3#0201115555555555
(004.903335) can0 7E2#0041112F
(004.906320) can0 7E1#0201495555555555
(004.908290) can0 7E0#0041492F00
(004.916378) can0 7E5#0201F65555555555
(004.918278) can0 7E4#0041F600
(004.927377) can0 7E3#02010D5555555555
(004.929311) can0 7E2#00410D30
(004.932468) can0 7E1#0201495555555555
(004.933320) can0 7E0#0041493000
(004.942408) can0 7E5#0201F65555555555
(004.944301) can0 7E4#0041F600
(004.952310) can0 7E9#0201F45555555555
(004.954253) can0 7E8#0041F40000
(004.958316) can0 7E1#0201495555555555
(004.960362) can0 7E0#0041493200
(004.968295) can0 7E5#0201F65555555555
(004.970225) can0 7E4#0041F600
(004.977385) can0 7E7#0201F55555555555
(004.978358) can0 7E6#0041F500
(004.984392) can0 7E1#0201495555555555
(004.985406) can0 7E0#0041493300
(004.994430) can0 7E5#0201F65555555555
(004.996322) can0 7E4#0041F600
(005.002332) can0 7E3#0201115555555555
(005.003329) can0 7E2#00411134
(005.010333) can0 7E1#0201495555555555
(005.012295) can0 7E0#0041493400
(005.020442) can0 7E5#0201F65555555555
(005.022309) can0 7E4#0041F600
(005.028372) can0 7E3#02010D5555555555
(005.029368) can0 7E2#00410D36
(005.036460) can0 7E1#0201495555555555
(005.037410) can0 7E0#0041493600
(005.046332) can0 7E5#0201F65555555555
(005.048265) can0 7E4#0041F600
(005.053323) can0 7E9#0201F45555555555
(005.056285) can0 7E8#0041F40000
(005.062294) can0 7E1#0201495555555555
(005.064277) can0 7E0#0041493700
(005.072442) can0 7E5#0201F65555555555
(005.074311) can0 7E4#0041F600
(005.078311) can0 7E7#0201F55555555555
(005.080276) can0 7E6#0041F500
(005.088452) can0 7E1#0201495555555555
(005.089397) can0 7E0#0041493800
(005.098323) can0 7E5#0201F65555555555
(005.100260) can0 7E4#0041F600
(005.103306) can0 7E3#0201115555555555
(005.105223) can0 7E2#00411139
(005.114270) can0 7E1#0201495555555555
(005.116262) can0 7E0#0041493A00
(005.124296) can0 7E5#0201F65555555555
(005.126245) can0 7E4#0041F600
(005.129319) can0 7E3#02010D5555555555
(005.131276) can0 7E2#00410D3B
(005.140304) can0 7E1#0201495555555555
(005.141292) can0 7E0#0041493B00
(005.150264) can0 7E5#0201F65555555555
(005.152226) can0 7E4#0041F600
(005.154288) can0 7E9#0201F45555555555
(005.156244) can0 7E8#0041F40000
(005.166413) can0 7E1#0201495555555555
(005.168291) can0 7E0#0041493C00
(005.176386) can0 7E5#0201F65555555555
(005.178354) can0 7E4#0041F600
(005.179382) can0 7E7#0201F55555555555
(005.180339) can0 7E6#0041F500
(005.192260) can0 7E1#0201495555555555
(005.193287) can0 7E0#0041493E00
(005.202256) can0 7E5#0201F65555555555
(005.204234) can0 7E3#0201115555555555
(005.204402) can0 7E4#0041F600
(005.205270) can0 7E2#0041113E
(005.218292) can0 7E1#0201495555555555
(005.220242) can0 7E0#0041493F00
(005.228337) can0 7E5#0201F65555555555
(005.230263) can0 7E3#02010D5555555555
(005.230437) can0 7E4#0041F600
(005.231247) can0 7E2#00410D40
(005.244232) can0 7E1#0201495555555555
(005.245246) can0 7E0#0041494000
(005.254232) can0 7E5#0201F65555555555
(005.255254) can0 7E9#0201F45555555555
(005.256346) can0 7E4#0041F600
(005.258306) can0 7E8#0041F40000
(005.270349) can0 7E1#0201495555555555
(005.272336) can0 7E0#0041494200
(005.280216) can0 7E7#0201F55555555555
(005.280443) can0 7E5#0201F65555555555
(005.282131) can0 7E6#0041F500
(005.282305) can0 7E4#0041F600
(005.296213) can0 7E1#0201495555555555
(005.297193) can0 7E0#0041494300
(005.305203) can0 7E3#0201115555555555
(005.306271) can0 7E5#0201F65555555555
(005.307147) can0 7E2#00411143
(005.308148) can0 7E4#0041F600
(005.322325) can0 7E1#0201495555555555
(005.324269) can0 7E0#0041494400
(005.331172) can0 7E3#02010D5555555555
(005.332188) can0 7E5#0201F65555555555
(005.333154) can0 7E2#00410D45
(005.334108) can0 7E4#0041F600
(005.349183) can0 7E1#0201495555555555
(005.350193) can0 7E0#0041494600
(005.356222) can0 7E9#0201F45555555555
(005.358214) can0 7E5#0201F65555555555
(005.358406) can0 7E8#0041F40000
(005.360162) can0 7E4#0041F600
(005.375061) can0 7E1#0201495555555555
(005.377032) can0 7E0#0041494700
(005.381075) can0 7E7#0201F55555555555
(005.382032) can0 7E6#0041F500
(005.384196) can0 7E5#0201F65555555555
(005.386115) can0 7E4#0041F600
(005.401165) can0 7E1#0201495555555555
(005.402032) can0 7E0#0041494800
(005.406163) can0 7E3#0201115555555555
(005.407091) can0 7E2#00411149
(005.410108) can0 7E5#0201F65555555555
(005.412044) can0 7E4#0041F600
(005.427043) can0 7E1#0201495555555555
(005.429028) can0 7E0#0041494A00
(005.432052) can0 7E3#02010D5555555555
(005.433019) can0 7E2#00410D4A
(005.436067) can0 7E5#0201F65555555555
(005.438016) can0 7E4#0041F600
(005.453079) can0 7E1#0201495555555555
(005.454211) can0 7E0#0041494B00
(005.457181) can0 7E9#0201F45555555555
(005.460158) can0 7E8#0041F40000
(005.462195) can0 7E5#0201F65555555555
(005.464127) can0 7E4#0041F600
(005.479178) can0 7E1#0201495555555555
(005.481143) can0 7E0#0041494C00
(005.482121) can0 7E7#0201F55555555555
(005.484017) can0 7E6#0041F500
(005.488071) can0 7E5#0201F65555555555
(005.490004) can0 7E4#0041F600
(005.505156) can0 7E1#0201495555555555
(005.506144) can0 7E0#0041494D00
(005.507213) can0 7E3#0201115555555555
(005.509035) can0 7E2#0041114E
(005.514103) can0 7E5#0201F65555555555
(005.515990) can0 7E4#0041F600
(005.531080) can0 7E1#0201495555555555
(005.533064) can0 7E3#02010D5555555555
(005.533250) can0 7E0#0041494F00
(005.535009) can0 7E2#00410D4F
(005.540149) can0 7E5#0201F65555555555
(005.542115) can0 7E4#0041F600
(005.557163) can0 7E1#0201495555555555
(005.558173) can0 7E9#0201F45555555555
(005.558360) can0 7E0#0041495000
(005.560013) can0 7E8#0041F40000
(005.566096) can0 7E5#0201F65555555555
(005.568020) can0 7E4#0041F600
(005.583122) can0 7E7#0201F55555555555
(005.583357) can0 7E1#0201495555555555
(005.584071) can0 7E6#0041F500
(005.585046) can0 7E0#0041495200
(005.592007) can0 7E5#0201F65555555555
(005.593976) can0 7E4#0041F600
(005.608001) can0 7E3#0201115555555555
(005.609047) can0 7E1#0201495555555555
(005.609218) can0 7E2#00411153
(005.610038) can0 7E0#0041495300
(005.618132) can0 7E5#0201F65555555555
(005.619945) can0 7E4#0041F600
(005.634133) can0 7E3#02010D5555555555
(005.635132) can0 7E1#0201495555555555
(005.635296) can0 7E2#00410D55
(005.637088) can0 7E0#0041495400
(005.644061) can0 7E5#0201F65555555555
(005.646055) can0 7E4#0041F600
(005.658994) can0 7E9#0201F45555555555
(005.660965) can0 7E1#0201495555555555
(005.661990) can0 7E8#0041F40000
(005.662173) can0 7E0#0041495500
(005.669978) can0 7E5#0201F65555555555
(005.671891) can0 7E4#0041F600
(005.683973) can0 7E7#0201F55555555555
(005.685896) can0 7E6#0041F500
(005.686992) can0 7E1#0201495555555555
(005.688919) can0 7E0#0041495700
(005.696088) can0 7E5#0201F65555555555
(005.697943) can0 7E4#0041F600
(005.708984) can0 7E3#0201115555555555
(005.710938) can0 7E2#00411158
(005.712982) can0 7E1#0201495555555555
(005.713915) can0 7E0#0041495800
(005.722065) can0 7E5#0201F65555555555
(005.723901) can0 7E4#0041F600
(005.734946) can0 7E3#02010D5555555555
(005.736887) can0 7E2#00410D5A
(005.738948) can0 7E1#0201495555555555
(005.740929) can0 7E0#0041495900
(005.747978) can0 7E5#0201F65555555555
(005.749906) can0 7E4#0041F600
(005.759997) can0 7E9#0201F45555555555
(005.761934) can0 7E8#0041F40000
(005.765007) can0 7E1#0201495555555555
(005.765992) can0 7E0#0041495B00
(005.774128) can0 7E5#0201F65555555555
(005.776070) can0 7E4#0041F600
(005.785091) can0 7E7#0201F55555555555
(005.786133) can0 7E6#0041F500
(005.791125) can0 7E1#0201495555555555
(005.793014) can0 7E0#0041495C00
(005.800970) can0 7E5#0201F65555555555
(005.802892) can0 7E4#0041F600
(005.809964) can0 7E3#0201115555555555
(005.810938) can0 7E2#0041115D
(005.816975) can0 7E1#0201495555555555
(005.817979) can0 7E0#0041495D00
(005.827968) can0 7E5#0201F65555555555
(005.830042) can0 7E4#0041F600
(005.836074) can0 7E3#02010D5555555555
(005.837069) can0 7E2#00410D5F
(005.842968) can0 7E1#0201495555555555
(005.844898) can0 7E0#0041495F00
(005.854959) can0 7E5#0201F65555555555
(005.856926) can0 7E4#0041F600
(005.860942) can0 7E9#0201F45555555555
(005.865039) can0 7E8#0041F40000
(005.869035) can0 7E1#0201495555555555
(005.870112) can0 7E0#0041496000
(005.881058) can0 7E5#0201F65555555555
(005.882903) can0 7E4#0041F600
(005.885927) can0 7E7#0201F55555555555
(005.887818) can0 7E6#0041F500
(005.896129) can0 7E1#0201495555555555
(005.897894) can0 7E0#0041496100
(005.906924) can0 7E5#0201F65555555555
(005.908891) can0 7E4#0041F600
(005.910899) can0 7E3#0201115555555555
(005.913865) can0 7E2#00411162
(005.922002) can0 7E1#0201495555555555
(005.923003) can0 7E0#0041496300
(005.933020) can0 7E5#0201F65555555555
(005.935860) can0 7E4#0041F600
(005.937894) can0 7E3#02010D5555555555
(005.939814) can0 7E2#00410D64
(005.947891) can0 7E1#0201495555555555
(005.949850) can0 7E0#0041496400
(005.959875) can0 7E5#0201F65555555555
(005.963005) can0 7E9#0201F45555555555
(005.963178) can0 7E4#0041F600
(005.964963) can0 7E8#0041F40000
(005.974010) can0 7E1#0201495555555555
(005.974980) can0 7E0#0041496500
(005.985880) can0 7E5#0201F65555555555
(005.987826) can0 7E7#0201F55555555555
(005.988001) can0 7E4#0041F600
(005.988881) can0 7E6#0041F500
(006.000967) can0 7E1#0201495555555555
(006.003949) can0 7E0#0041496700
(006.011989) can0 7E5#0201F65555555555
(006.013003) can0 7E3#0201115555555555
(006.013939) can0 7E2#00411168
(006.014113) can0 7E4#0041F600
(006.026967) can0 7E1#0201495555555555
(006.027837) can0 7E0#0041496800
(006.037830) can0 7E5#0201F65555555555
(006.038835) can0 7E3#02010D5555555555
(006.039821) can0 7E4#0041F600
(006.039995) can0 7E2#00410D69
(006.052830) can0 7E1#0201495555555555
(006.054813) can0 7E0#0041496900
(006.063844) can0 7E5#0201F65555555555
(006.064074) can0 7E9#0201F45555555555
(006.065891) can0 7E4#0041F600
(006.066965) can0 7E8#0041F40000
(006.078842) can0 7E1#0201495555555555
(006.079780) can0 7E0#0041496B00
(006.088849) can0 7E7#0201F55555555555
(006.089832) can0 7E5#0201F65555555555
(006.090761) can0 7E6#0041F500
(006.091824) can0 7E4#0041F600
(006.104914) can0 7E1#0201495555555555
(006.106895) can0 7E0#0041496C00
(006.113909) can0 7E3#0201115555555555
(006.115850) can0 7E2#0041116D
(006.116081) can0 7E5#0201F65555555555
(006.117837) can0 7E4#0041F600
(006.130779) can0 7E1#0201495555555555
(006.131789) can0 7E0#0041496D00
(006.140775) can0 7E3#02010D5555555555
(006.141780) can0 7E5#0201F65555555555
(006.142816) can0 7E2#00410D6F
(006.143738) can0 7E4#0041F600
(006.156778) can0 7E1#0201495555555555
(006.158869) can0 7E0#0041496F00
(006.164879) can0 7E9#0201F45555555555
(006.166853) can0 7E8#0041F40000
(006.167788) can0 7E5#0201F65555555555
(006.169689) can0 7E4#0041F600
(006.182762) can0 7E1#0201495555555555
(006.183786) can0 7E0#0041497000
(006.190875) can0 7E7#0201F55555555555
(006.191849) can0 7E6#0041F500
(006.193875) can0 7E5#0201F65555555555
(006.195730) can0 7E4#0041F600
(006.208848) can0 7E1#0201495555555555
(006.210846) can0 7E0#0041497100
(006.216754) can0 7E3#0201115555555555
(006.217760) can0 7E2#00411172
(006.219746) can0 7E5#0201F65555555555
(006.221658) can0 7E4#0041F600
(006.234721) can0 7E1#0201495555555555
(006.235726) can0 7E0#0041497300
(006.242719) can0 7E3#02010D5555555555
(006.243701) can0 7E2#00410D74
(006.245700) can0 7E5#0201F65555555555
(006.247663) can0 7E4#0041F600
(006.260829) can0 7E1#0201495555555555
(006.262724) can0 7E0#0041497400
(006.267686) can0 7E9#0201F45555555555
(006.270678) can0 7E8#0041F40000
(006.271736) can0 7E5#0201F65555555555
(006.273628) can0 7E4#0041F600
(006.286816) can0 7E1#0201495555555555
(006.287838) can0 7E0#0041497500
(006.292675) can0 7E7#0201F55555555555
(006.294688) can0 7E6#0041F500
(006.297815) can0 7E5#0201F65555555555
(006.299786) can0 7E4#0041F600
(006.312708) can0 7E1#0201495555555555
(006.314666) can0 7E0#0041497700
(006.317657) can0 7E3#0201115555555555
(006.319617) can0 7E2#00411177
(006.323672) can0 7E5#0201F65555555555
(006.325596) can0 7E4#0041F600
(006.338678) can0 7E1#0201495555555555
(006.339702) can0 7E0#0041497800
(006.343665) can0 7E3#02010D5555555555
(006.345593) can0 7E2#00410D79
(006.349773) can0 7E5#0201F65555555555
(006.351764) can0 7E4#0041F600
(006.364662) can0 7E1#0201495555555555
(006.366637) can0 7E0#0041497900
(006.368656) can0 7E9#0201F45555555555
(006.370600) can0 7E8#0041F40000
(006.375643) can0 7E5#0201F65555555555
(006.377601) can0 7E4#0041F600
(006.390769) can0 7E1#0201495555555555
(006.391756) can0 7E0#0041497B00
(006.393745) can0 7E7#0201F55555555555
(006.394757) can0 7E6#0041F500
(006.401757) can0 7E5#0201F65555555555
(006.403579) can0 7E4#0041F600
(006.416613) can0 7E1#0201495555555555
(006.418606) can0 7E3#0201115555555555
(006.418794) can0 7E0#0041497C00
(006.419644) can0 7E2#0041117C
(006.427616) can0 7E5#0201F65555555555
(006.429589) can0 7E4#0041F600
(006.442759) can0 7E1#0201495555555555
(006.443670) can0 7E0#0041497D00
(006.444761) can0 7E3#02010D5555555555
(006.445707) can0 7E2#00410D7E
(006.453607) can0 7E5#0201F65555555555
(006.455575) can0 7E4#0041F600
(006.468622) can0 7E1#0201495555555555
(006.469605) can0 7E9#0201F45555555555
(006.470624) can0 7E0#0041497F00
(006.472576) can0 7E8#0041F40000
(006.479703) can0 7E5#0201F65555555555
(006.481660) can0 7E4#0041F600
(006.494708) can0 7E1#0201495555555555
(006.494940) can0 7E7#0201F55555555555
(006.495585) can0 7E0#0041498000
(006.497531) can0 7E6#0041F500
(006.505604) can0 7E5#0201F65555555555
(006.507506) can0 7E4#0041F600
(006.519566) can0 7E3#0201115555555555
(006.520593) can0 7E1#0201495555555555
(006.521596) can0 7E2#00411181
(006.522541) can0 7E0#0041498100
(006.531606) can0 7E5#0201F65555555555
(006.533526) can0 7E4#0041F600
(006.545657) can0 7E3#02010D5555555555
(006.546581) can0 7E1#0201495555555555
(006.547511) can0 7E0#0041498300
(006.547683) can0 7E2#00410D83
(006.557531) can0 7E5#0201F65555555555
(006.559463) can0 7E4#0041F600
(006.570576) can0 7E9#0201F45555555555
(006.572536) can0 7E1#0201495555555555
(006.572728) can0 7E8#0041F40000
(006.574558) can0 7E0#0041498400
(006.583538) can0 7E5#0201F65555555555
(006.585472) can0 7E4#0041F600
(006.595507) can0 7E7#0201F55555555555
(006.596507) can0 7E6#0041F500
(006.598560) can0 7E1#0201495555555555
(006.599516) can0 7E0#0041498500
(006.609633) can0 7E5#0201F65555555555
(006.611550) can0 7E4#0041F600
(006.620630) can0 7E3#0201115555555555
(006.621475) can0 7E2#00411187
(006.624629) can0 7E1#0201495555555555
(006.626588) can0 7E0#0041498700
(006.635625) can0 7E5#0201F65555555555
(006.637464) can0 7E4#0041F600
(006.646458) can0 7E3#02010D5555555555
(006.647490) can0 7E2#00410D88
(006.650457) can0 7E1#0201495555555555
(006.651472) can0 7E0#0041498800
(006.661504) can0 7E5#0201F65555555555
(006.663404) can0 7E4#0041F600
(006.671476) can0 7E9#0201F45555555555
(006.674535) can0 7E8#0041F40000
(006.676535) can0 7E1#0201495555555555
(006.678435) can0 7E0#0041498900
(006.687410) can0 7E5#0201F65555555555
(006.689359) can0 7E4#0041F600
(006.696397) can0 7E7#0201F55555555555
(006.698342) can0 7E6#0041F500
(006.702395) can0 7E1#0201495555555555
(006.703381) can0 7E0#0041498B00
(006.713502) can0 7E5#0201F65555555555
(006.715482) can0 7E4#0041F600
(006.721513) can0 7E3#0201115555555555
(006.723478) can0 7E2#0041118C
(006.728427) can0 7E1#0201495555555555
(006.730411) can0 7E0#0041498C00
(006.739446) can0 7E5#0201F65555555555
(006.741364) can0 7E4#0041F600
(006.747423) can0 7E3#02010D5555555555
(006.749407) can0 7E2#00410D8E
(006.754406) can0 7E1#0201495555555555
(006.755446) can0 7E0#0041498D00
(006.765382) can0 7E5#0201F65555555555
(006.767322) can0 7E4#0041F600
(006.772459) can0 7E9#0201F45555555555
(006.774500) can0 7E8#0041F40000
(006.780335) can0 7E1#0201495555555555
(006.782309) can0 7E0#0041498F00
(006.791383) can0 7E5#0201F65555555555
(006.793247) can0 7E4#0041F600
(006.797367) can0 7E7#0201F55555555555
(006.798294) can0 7E6#0041F500
(006.806365) can0 7E1#0201495555555555
(006.807348) can0 7E0#0041499000
(006.817335) can0 7E5#0201F65555555555
(006.819290) can0 7E4#0041F600
(006.822333) can0 7E3#0201115555555555
(006.823291) can0 7E2#00411191
(006.832346) can0 7E1#0201495555555555
(006.834274) can0 7E0#0041499100
(006.843297) can0 7E5#0201F65555555555
(006.845255) can0 7E4#0041F600
(006.848308) can0 7E3#02010D5555555555
(006.849300) can0 7E2#00410D93
(006.858422) can0 7E1#0201495555555555
(006.859419) can0 7E0#0041499300
(006.869420) can0 7E5#0201F65555555555
(006.871383) can0 7E4#0041F600
(006.873274) can0 7E9#0201F45555555555
(006.876244) can0 7E8#0041F40000
(006.884346) can0 7E1#0201495555555555
(006.886332) can0 7E0#0041499400
(006.895285) can0 7E5#0201F65555555555
(006.897243) can0 7E4#0041F600
(006.898290) can0 7E7#0201F55555555555
(006.900245) can0 7E6#0041F500
(006.910404) can0 7E1#0201495555555555
(006.911385) can0 7E0#0041499500
(006.921278) can0 7E5#0201F65555555555
(006.923259) can0 7E3#0201115555555555
(006.923433) can0 7E4#0041F600
(006.925210) can0 7E2#00411196
(006.936282) can0 7E1#0201495555555555
(006.938238) can0 7E0#0041499700
(006.947393) can0 7E5#0201F65555555555
(006.949374) can0 7E3#02010D5555555555
(006.949549) can0 7E4#0041F600
(006.951210) can0 7E2#00410D98
(006.962389) can0 7E1#0201495555555555
(006.963372) can0 7E0#0041499800
(006.973273) can0 7E5#0201F65555555555
(006.974268) can0 7E9#0201F45555555555
(006.975174) can0 7E4#0041F600
(006.976274) can0 7E8#0041F40000
(006.988355) can0 7E1#0201495555555555
(006.990333) can0 7E0#0041499900
(006.999244) can0 7E7#0201F55555555555
(006.999465) can0 7E5#0201F65555555555
(007.000221) can0 7E6#0041F500
(007.001171) can0 7E4#0041F600
(007.014223) can0 7E1#0201495555555555
(007.015218) can0 7E0#0041499A00
(007.024211) can0 7E3#0201115555555555
(007.025239) can0 7E5#0201F65555555555
(007.025416) can0 7E2#0041119B
(007.027163) can0 7E4#0041F600
(007.040332) can0 7E1#0201495555555555
(007.042281) can0 7E0#0041499C00
(007.050226) can0 7E3#02010D5555555555
(007.051215) can0 7E5#0201F65555555555
(007.051376) can0 7E2#00410D9D
(007.053124) can0 7E4#0041F600
(007.066201) can0 7E1#0201495555555555
(007.067184) can0 7E0#0041499D00
(007.075164) can0 7E9#0201F45555555555
(007.077169) can0 7E5#0201F65555555555
(007.078148) can0 7E8#0041F40000
(007.079099) can0 7E4#0041F600
(007.092193) can0 7E1#0201495555555555
(007.094133) can0 7E0#0041499E00
(007.100298) can0 7E7#0201F55555555555
(007.102244) can0 7E6#0041F500
(007.103323) can0 7E5#0201F65555555555
(007.105145) can0 7E4#0041F600
(007.118287) can0 7E1#0201495555555555
(007.119270) can0 7E0#004149A000
(007.125183) can0 7E3#0201115555555555
(007.127125) can0 7E2#004111A0
(007.129167) can0 7E5#0201F65555555555
(007.131098) can0 7E4#0041F600
(007.144223) can0 7E1#0201495555555555
(007.146229) can0 7E0#004149A100
(007.151275) can0 7E3#02010D5555555555
(007.153114) can0 7E2#00410DA2
(007.155104) can0 7E5#0201F65555555555
(007.157068) can0 7E4#0041F600
(007.170158) can0 7E1#0201495555555555
(007.171126) can0 7E0#004149A200
(007.176238) can0 7E9#0201F45555555555
(007.178223) can0 7E8#0041F40000
(007.181250) can0 7E5#0201F65555555555
(007.183212) can0 7E4#0041F600
(007.196224) can0 7E1#0201495555555555
(007.198227) can0 7E0#004149A400
(007.201100) can0 7E7#0201F55555555555
(007.202074) can0 7E6#0041F500
(007.207120) can0 7E5#0201F65555555555
(007.209058) can0 7E4#0041F600
(007.222247) can0 7E1#0201495555555555
(007.223247) can0 7E0#004149A500
(007.226216) can0 7E3#0201115555555555
(007.227185) can0 7E2#004111A5
(007.233215) can0 7E5#0201F65555555555
(007.235055) can0 7E4#0041F600
(007.249116) can0 7E1#0201495555555555
(007.251031) can0 7E0#004149A600
(007.252062) can0 7E3#02010D5555555555
(007.253016) can0 7E2#00410DA7
(007.259084) can0 7E5#0201F65555555555
(007.261114) can0 7E4#0041F600
(007.275202) can0 7E1#0201495555555555
(007.276205) can0 7E0#004149A800
(007.277093) can0 7E9#0201F45555555555
(007.280053) can0 7E8#0041F40000
(007.285082) can0 7E5#0201F65555555555
(007.287027) can0 7E4#0041F600
(007.301062) can0 7E1#0201495555555555
(007.302091) can0 7E7#0201F55555555555
(007.303047) can0 7E0#004149A900
(007.304022) can0 7E6#0041F500
(007.311191) can0 7E5#0201F65555555555
(007.313145) can0 7E4#0041F600
(007.327065) can0 7E1#0201495555555555
(007.327280) can0 7E3#0201115555555555
(007.328027) can0 7E0#004149AA00
(007.328993) can0 7E2#004111AB
(007.337162) can0 7E5#0201F65555555555
(007.339135) can0 7E4#0041F600
(007.353053) can0 7E3#02010D5555555555
(007.353259) can0 7E1#0201495555555555
(007.354955) can0 7E2#00410DAD
(007.355141) can0 7E0#004149AC00
(007.363161) can0 7E5#0201F65555555555
(007.365111) can0 7E4#0041F600
(007.378135) can0 7E9#0201F45555555555
(007.379148) can0 7E1#0201495555555555
(007.380111) can0 7E0#004149AD00
(007.380309) can0 7E8#0041F40000
(007.389015) can0 7E5#0201F65555555555
(007.390927) can0 7E4#0041F600
(007.403003) can0 7E7#0201F55555555555
(007.403932) can0 7E6#0041F500
(007.404974) can0 7E1#0201495555555555
(007.406983) can0 7E0#004149AE00
(007.415113) can0 7E5#0201F65555555555
(007.417073) can0 7E4#0041F600
(007.428115) can0 7E3#0201115555555555
(007.429049) can0 7E2#004111B0
(007.431114) can0 7E1#0201495555555555
(007.432087) can0 7E0#004149B000
(007.440978) can0 7E5#0201F65555555555
(007.442916) can0 7E4#0041F600
(007.454014) can0 7E3#02010D5555555555
(007.455094) can0 7E2#00410DB2
(007.457091) can0 7E1#0201495555555555
(007.459074) can0 7E0#004149B100
(007.467094) can0 7E5#0201F65555555555
(007.469026) can0 7E4#0041F600
(007.479020) can0 7E9#0201F45555555555
(007.481886) can0 7E8#0041F40000
(007.482936) can0 7E1#0201495555555555
(007.483899) can0 7E0#004149B200
(007.492995) can0 7E5#0201F65555555555
(007.495078) can0 7E4#0041F600
(007.504098) can0 7E7#0201F55555555555
(007.506008) can0 7E6#0041F500
(007.509061) can0 7E1#0201495555555555
(007.511011) can0 7E0#004149B400
(007.519052) can0 7E5#0201F65555555555
(007.521026) can0 7E4#0041F600
(007.528939) can0 7E3#0201115555555555
(007.530865) can0 7E2#004111B5
(007.534899) can0 7E1#0201495555555555
(007.535890) can0 7E0#004149B500
(007.545921) can0 7E5#0201F65555555555
(007.547977) can0 7E4#0041F600
(007.555038) can0 7E3#02010D5555555555
(007.556901) can0 7E2#00410DB7
(007.561040) can0 7E1#0201495555555555
(007.563004) can0 7E0#004149B600
(007.571043) can0 7E5#0201F65555555555
(007.572991) can0 7E4#0041F600
(007.579888) can0 7E9#0201F45555555555
(007.581846) can0 7E8#0041F40000
(007.586902) can0 7E1#0201495555555555
(007.588022) can0 7E0#004149B800
(007.597913) can0 7E5#0201F65555555555
(007.599974) can0 7E4#0041F600
(007.605037) can0 7E7#0201F55555555555
(007.605976) can0 7E6#0041F500
(007.613041) can0 7E1#0201495555555555
(007.614985) can0 7E0#004149B900
(007.623894) can0 7E5#0201F65555555555
(007.625822) can0 7E4#0041F600
(007.629858) can0 7E3#0201115555555555
(007.630829) can0 7E2#004111BA
(007.638868) can0 7E1#0201495555555555
(007.639851) can0 7E0#004149BA00
(007.650020) can0 7E5#0201F65555555555
(007.651931) can0 7E4#0041F600
(007.655891) can0 7E3#02010D5555555555
(007.656826) can0 7E2#00410DBC
(007.665127) can0 7E1#0201495555555555
(007.668163) can0 7E0#004149BC00
(007.675987) can0 7E5#0201F65555555555
(007.678978) can0 7E4#0041F600
(007.680986) can0 7E9#0201F45555555555
(007.683974) can0 7E8#0041F40000
(007.691942) can0 7E1#0201495555555555
(007.692977) can0 7E0#004149BD00
(007.701903) can0 7E5#0201F65555555555
(007.703849) can0 7E4#0041F600
(007.705982) can0 7E7#0201F55555555555
(007.707969) can0 7E6#0041F500
(007.717913) can0 7E1#0201495555555555
(007.719881) can0 7E0#004149BE00
(007.727870) can0 7E5#0201F65555555555
(007.729979) can0 7E4#0041F600
(007.731035) can0 7E3#0201115555555555
(007.732943) can0 7E2#004111BF
(007.744029) can0 7E1#0201495555555555
(007.745931) can0 7E0#004149C000
(007.753862) can0 7E5#0201F65555555555
(007.755794) can0 7E4#0041F600
(007.757873) can0 7E3#02010D5555555555
(007.759821) can0 7E2#00410DC1
(007.769868) can0 7E1#0201495555555555
(007.771781) can0 7E0#004149C100
(007.779822) can0 7E5#0201F65555555555
(007.781787) can0 7E4#0041F600
(007.782826) can0 7E9#0201F45555555555
(007.784775) can0 7E8#0041F40000
(007.795887) can0 7E1#0201495555555555
(007.796850) can0 7E0#004149C200
(007.805906) can0 7E5#0201F65555555555
(007.807943) can0 7E7#0201F55555555555
(007.808108) can0 7E4#0041F600
(007.808856) can0 7E6#0041F500
(007.821842) can0 7E1#0201495555555555
(007.823791) can0 7E0#004149C400
(007.831982) can0 7E5#0201F65555555555
(007.832912) can0 7E3#0201115555555555
(007.833884) can0 7E4#0041F600
(007.834052) can0 7E2#004111C4
(007.847932) can0 7E1#0201495555555555
(007.848937) can0 7E0#004149C500
(007.857831) can0 7E5#0201F65555555555
(007.858801) can0 7E3#02010D5555555555
(007.859778) can0 7E4#0041F600
(007.859944) can0 7E2#00410DC6
(007.873821) can0 7E1#0201495555555555
(007.875769) can0 7E0#004149C600
(007.883795) can0 7E5#0201F65555555555
(007.884790) can0 7E9#0201F45555555555
(007.885750) can0 7E4#0041F600
(007.887745) can0 7E8#0041F40000
(007.899950) can0 7E1#0201495555555555
(007.900897) can0 7E0#004149C800
(007.909766) can0 7E7#0201F55555555555
(007.909987) can0 7E5#0201F65555555555
(007.911687) can0 7E6#0041F500
(007.911857) can0 7E4#0041F600
(007.925899) can0 7E1#0201495555555555
(007.927869) can0 7E0#004149C900
(007.933887) can0 7E3#0201115555555555
(007.935793) can0 7E2#004111CA
(007.936022) can0 7E5#0201F65555555555
(007.937837) can0 7E4#0041F600
(007.951788) can0 7E1#0201495555555555
(007.952706) can0 7E0#004149CA00
(007.959706) can0 7E3#02010D5555555555
(007.961644) can0 7E2#00410DCC
(007.961883) can0 7E5#0201F65555555555
(007.963668) can0 7E4#0041F600
(007.977753) can0 7E1#0201495555555555
(007.979730) can0 7E0#004149CC00
(007.984841) can0 7E9#0201F45555555555
(007.986837) can0 7E8#0041F40000
(007.987878) can0 7E5#0201F65555555555
(007.989826) can0 7E4#0041F600
(008.003722) can0 7E1#0201495555555555
(008.004688) can0 7E0#004149CD00
(008.009680) can0 7E7#0201F55555555555
(008.010667) can0 7E6#0041F500
(008.013715) can0 7E5#0201F65555555555
(008.015627) can0 7E4#0041F600
(008.029698) can0 7E1#0201495555555555
(008.031669) can0 7E0#004149CE00
(008.034685) can0 7E3#0201115555555555
(008.035658) can0 7E2#004111CF
(008.039834) can0 7E5#0201F65555555555
(008.041761) can0 7E4#0041F600
(008.055691) can0 7E1#0201495555555555
(008.056684) can0 7E0#004149D000
(008.060681) can0 7E3#02010D5555555555
(008.061636) can0 7E2#00410DD1
(008.065680) can0 7E5#0201F65555555555
(008.067618) can0 7E4#0041F600
(008.081769) can0 7E1#0201495555555555
(008.083757) can0 7E0#004149D100
(008.085803) can0 7E9#0201F45555555555
(008.088656) can0 7E8#0041F40000
(008.091638) can0 7E5#0201F65555555555
(008.093573) can0 7E4#0041F600
(008.107682) can0 7E1#0201495555555555
(008.108670) can0 7E0#004149D200
(008.110667) can0 7E7#0201F55555555555
(008.112660) can0 7E6#0041F500
(008.117706) can0 7E5#0201F65555555555
(008.119656) can0 7E4#0041F600
(008.133694) can0 7E1#0201495555555555
(008.135697) can0 7E3#0201115555555555
(008.135883) can0 7E0#004149D400
(008.137524) can0 7E2#004111D4
(008.143597) can0 7E5#0201F65555555555
(008.145516) can0 7E4#0041F600
(008.159684) can0 7E1#0201495555555555
(008.160696) can0 7E0#004149D500
(008.161705) can0 7E3#02010D5555555555
(008.163628) can0 7E2#00410DD6
(008.169564) can0 7E5#0201F65555555555
(008.171483) can0 7E4#0041F600
(008.185545) can0 7E1#0201495555555555
(008.186568) can0 7E9#0201F45555555555
(008.187493) can0 7E0#004149D600
(008.188495) can0 7E8#0041F40000
(008.195626) can0 7E5#0201F65555555555
(008.197470) can0 7E4#0041F600
(008.211652) can0 7E7#0201F55555555555
(008.211872) can0 7E1#0201495555555555
(008.212548) can0 7E6#0041F500
(008.212736) can0 7E0#004149D800
(008.221680) can0 7E5#0201F65555555555
(008.223607) can0 7E4#0041F600
(008.236542) can0 7E3#0201115555555555
(008.237524) can0 7E1#0201495555555555
(008.237691) can0 7E2#004111D9
(008.239470) can0 7E0#004149D900
(008.247517) can0 7E5#0201F65555555555
(008.249508) can0 7E4#0041F600
(008.262646) can0 7E3#02010D5555555555
(008.263667) can0 7E1#0201495555555555
(008.263822) can0 7E2#00410DDB
(008.264521) can0 7E0#004149DA00
(008.273671) can0 7E5#0201F65555555555
(008.275597) can0 7E4#0041F600
(008.287529) can0 7E9#0201F45555555555
(008.289501) can0 7E1#0201495555555555
(008.290510) can0 7E8#0041F40000
(008.291490) can0 7E0#004149DC00
(008.299575) can0 7E5#0201F65555555555
(008.301477) can0 7E4#0041F600
(008.312612) can0 7E7#0201F55555555555
(008.314617) can0 7E6#0041F500
(008.315565) can0 7E1#0201495555555555
(008.316548) can0 7E0#004149DD00
(008.325547) can0 7E5#0201F65555555555
(008.327506) can0 7E4#0041F600
(008.337599) can0 7E3#0201115555555555
(008.339517) can0 7E2#004111DE
(008.341537) can0 7E1#0201495555555555
(008.343520) can0 7E0#004149DE00
(008.351543) can0 7E5#0201F65555555555
(008.353615) can0 7E4#0041F600
(008.363667) can0 7E3#02010D5555555555
(008.365662) can0 7E2#00410DE0
(008.367688) can0 7E1#0201495555555555
(008.368588) can0 7E0#004149DF00
(008.377577) can0 7E5#0201F65555555555
(008.379487) can0 7E4#0041F600
(008.388529) can0 7E9#0201F45555555555
(008.390465) can0 7E8#0041F40000
(008.393526) can0 7E1#0201495555555555
(008.395505) can0 7E0#004149E100
(008.403524) can0 7E5#0201F65555555555
(008.405456) can0 7E4#0041F600
(008.413512) can0 7E7#0201F55555555555
(008.414561) can0 7E6#0041F500
(008.419449) can0 7E1#0201495555555555
(008.420421) can0 7E0#004149E200
(008.429460) can0 7E5#0201F65555555555
(008.431380) can0 7E4#0041F600
(008.438548) can0 7E3#0201115555555555
(008.439538) can0 7E2#004111E3
(008.445525) can0 7E1#0201495555555555
(008.447514) can0 7E0#004149E400
(008.455537) can0 7E5#0201F65555555555
(008.457498) can0 7E4#0041F600
(008.464552) can0 7E3#02010D5555555555
(008.465530) can0 7E2#00410DE5
(008.471422) can0 7E1#0201495555555555
(008.472394) can0 7E0#004149E500
(008.481398) can0 7E5#0201F65555555555
(008.483342) can0 7E4#0041F600
(008.489408) can0 7E9#0201F45555555555
(008.492376) can0 7E8#0041F40000
(008.497521) can0 7E1#0201495555555555
(008.499480) can0 7E0#004149E600
(008.507515) can0 7E5#0201F65555555555
(008.509452) can0 7E4#0041F600
(008.514410) can0 7E7#0201F55555555555
(008.516319) can0 7E6#0041F500
(008.523370) can0 7E1#0201495555555555
(008.524441) can0 7E0#004149E700
(008.533487) can0 7E5#0201F65555555555
(008.535360) can0 7E4#0041F600
(008.539407) can0 7E3#0201115555555555
(008.541341) can0 7E2#004111E8
(008.549492) can0 7E1#0201495555555555
(008.551492) can0 7E0#004149E900
(008.559393) can0 7E5#0201F65555555555
(008.561312) can0 7E4#0041F600
(008.565350) can0 7E3#02010D5555555555
(008.567316) can0 7E2#00410DEB
(008.575370) can0 7E1#0201495555555555
(008.576364) can0 7E0#004149EA00
(008.585472) can0 7E5#0201F65555555555
(008.587417) can0 7E4#0041F600
(008.590460) can0 7E9#0201F45555555555
(008.592460) can0 7E8#0041F40000
(008.601365) can0 7E1#0201495555555555
(008.603332) can0 7E0#004149EB00
(008.611328) can0 7E5#0201F65555555555
(008.613283) can0 7E4#0041F600
(008.615341) can0 7E7#0201F55555555555
(008.616338) can0 7E6#0041F500
(008.627366) can0 7E1#0201495555555555
(008.628317) can0 7E0#004149ED00
(008.637429) can0 7E5#0201F65555555555
(008.639392) can0 7E4#0041F600
(008.640455) can0 7E3#0201115555555555
(008.641383) can0 7E2#004111EE
(008.653304) can0 7E1#0201495555555555
(008.655284) can0 7E0#004149EE00
(008.663300) can0 7E5#0201F65555555555
(008.665245) can0 7E4#0041F600
(008.666290) can0 7E3#02010D5555555555
(008.667306) can0 7E2#00410DF0
(008.679285) can0 7E1#0201495555555555
(008.680303) can0 7E0#004149EF00
(008.689419) can0 7E5#0201F65555555555
(008.691417) can0 7E9#0201F45555555555
(008.691587) can0 7E4#0041F600
(008.694389) can0 7E8#0041F40000
(008.705291) can0 7E1#0201495555555555
(008.707232) can0 7E0#004149F100
(008.715250) can0 7E5#0201F65555555555
(008.716296) can0 7E7#0201F55555555555
(008.717223) can0 7E4#0041F600
(008.718260) can0 7E6#0041F500
(008.731389) can0 7E1#0201495555555555
(008.732388) can0 7E0#004149F200
(008.741384) can0 7E3#0201115555555555
(008.741618) can0 7E5#0201F65555555555
(008.743325) can0 7E4#0041F600
(008.743497) can0 7E2#004111F3
(008.757401) can0 7E1#0201495555555555
(008.759381) can0 7E0#004149F300
(008.767359) can0 7E3#02010D5555555555
(008.767586) can0 7E5#0201F65555555555
(008.769311) can0 7E4#0041F600
(008.769487) can0 7E2#00410DF5
(008.783254) can0 7E1#0201495555555555
(008.784244) can0 7E0#004149F500
(008.792367) can0 7E9#0201F45555555555
(008.793405) can0 7E5#0201F65555555555
(008.794234) can0 7E8#0041F40000
(008.795195) can0 7E4#0041F600
(008.809244) can0 7E1#0201495555555555
(008.811231) can0 7E0#004149F600
(008.817229) can0 7E7#0201F55555555555
(008.818218) can0 7E6#0041F500
(008.819264) can0 7E5#0201F65555555555
(008.821303) can0 7E4#0041F600
(008.835363) can0 7E1#0201495555555555
(008.836306) can0 7E0#004149F700
(008.842263) can0 7E3#0201115555555555
(008.843224) can0 7E2#004111F8
(008.845216) can0 7E5#0201F65555555555
(008.847135) can0 7E4#0041F600
(008.861212) can0 7E1#0201495555555555
(008.863181) can0 7E0#004149F900
(008.868187) can0 7E3#02010D5555555555
(008.869199) can0 7E2#00410DFA
(008.871216) can0 7E5#0201F65555555555
(008.873135) can0 7E4#0041F600
(008.887323) can0 7E1#0201495555555555
(008.888256) can0 7E0#004149FA00
(008.893167) can0 7E9#0201F45555555555
(008.896152) can0 7E8#0041F40000
(008.897174) can0 7E5#0201F65555555555
(008.899106) can0 7E4#0041F600
(008.913250) can0 7E1#0201495555555555
(008.915298) can0 7E0#004149FB00
(008.918217) can0 7E7#0201F55555555555
(008.920139) can0 7E6#0041F500
(008.923166) can0 7E5#0201F65555555555
(008.925129) can0 7E4#0041F600
(008.940187) can0 7E1#0201495555555555
(008.941168) can0 7E0#004149FD00
(008.943162) can0 7E3#0201115555555555
(008.945126) can0 7E2#004111FD
(008.949119) can0 7E5#0201F65555555555
(008.951086) can0 7E4#0041F600
(008.965283) can0 7E1#0201495555555555
(008.967292) can0 7E0#004149FE00
(008.969281) can0 7E3#02010D5555555555
(008.971225) can0 7E2#00410DFF
(008.975275) can0 7E5#0201F65555555555
(008.977214) can0 7E4#0041F600
(008.992125) can0 7E1#0201495555555555
(008.993138) can0 7E0#004149FE00
(008.994130) can0 7E9#0201F45555555555
(008.996111) can0 7E8#0041F40000
(009.001147) can0 7E5#0201F65555555555
(009.003091) can0 7E4#0041F600
(009.018215) can0 7E1#0201495555555555
(009.019229) can0 7E7#0201F55555555555
(009.020178) can0 7E0#004149FC00
(009.020354) can0 7E6#0041F500
(009.027152) can0 7E5#0201F65555555555
(009.029012) can0 7E4#0041F600
(009.044051) can0 7E3#0201115555555555
(009.044275) can0 7E1#0201495555555555
(009.045010) can0 7E2#004111FB
(009.045194) can0 7E0#004149FB00
(009.053171) can0 7E5#0201F65555555555
(009.055133) can0 7E4#0041F600
(009.070148) can0 7E1#0201495555555555
(009.070380) can0 7E3#02010D5555555555
(009.071030) can0 7E2#00410DFB
(009.072046) can0 7E0#004149FA00
(009.079264) can0 7E5#0201F65555555555
(009.081232) can0 7E4#0041F600
(009.095244) can0 7E9#0201F45555555555
(009.096277) can0 7E1#0201495555555555
(009.097223) can0 7E0#004149F800
(009.098204) can0 7E8#0041F40000
(009.105093) can0 7E5#0201F65555555555
(009.107047) can0 7E4#0041F600
(009.120102) can0 7E7#0201F55555555555
(009.122061) can0 7E1#0201495555555555
(009.122236) can0 7E6#0041F500
(009.124055) can0 7E0#004149F700
(009.131076) can0 7E5#0201F65555555555
(009.133036) can0 7E4#0041F600
(009.145011) can0 7E3#0201115555555555
(009.146998) can0 7E2#004111F6
(009.148019) can0 7E1#0201495555555555
(009.149051) can0 7E0#004149F600
(009.157000) can0 7E5#0201F65555555555
(009.158938) can0 7E4#0041F600
(009.171011) can0 7E3#02010D5555555555
(009.172925) can0 7E2#00410DF5
(009.173992) can0 7E1#0201495555555555
(009.175953) can0 7E0#004149F400
(009.182996) can0 7E5#0201F65555555555
(009.184958) can0 7E4#0041F600
(009.196126) can0 7E9#0201F45555555555
(009.198059) can0 7E8#0041F40000
(009.199953) can0 7E1#0201495555555555
(009.200940) can0 7E0#004149F300
(009.209087) can0 7E5#0201F65555555555
(009.211014) can0 7E4#0041F600
(009.220987) can0 7E7#0201F55555555555
(009.221950) can0 7E6#0041F500
(009.225969) can0 7E1#0201495555555555
(009.228036) can0 7E0#004149F200
(009.235058) can0 7E5#0201F65555555555
(009.237034) can0 7E4#0041F600
(009.245938) can0 7E3#0201115555555555
(009.246899) can0 7E2#004111F1
(009.252065) can0 7E1#0201495555555555
(009.253072) can0 7E0#004149F000
(009.261062) can0 7E5#0201F65555555555
(009.262906) can0 7E4#0041F600
(009.271948) can0 7E3#02010D5555555555
(009.272891) can0 7E2#00410DF0
(009.277936) can0 7E1#0201495555555555
(009.279895) can0 7E0#004149EF00
(009.286042) can0 7E5#0201F65555555555
(009.288003) can0 7E4#0041F600
(009.296932) can0 7E9#0201F45555555555
(009.299897) can0 7E8#0041F40000
(009.304020) can0 7E1#0201495555555555
(009.305031) can0 7E0#004149EE00
(009.312918) can0 7E5#0201F65555555555
(009.314884) can0 7E4#0041F600
(009.322014) can0 7E7#0201F55555555555
(009.323868) can0 7E6#0041F500
(009.330024) can0 7E1#0201495555555555
(009.331973) can0 7E0#004149EC00
(009.338025) can0 7E5#0201F65555555555
(009.339838) can0 7E4#0041F600
(009.347004) can0 7E3#0201115555555555
(009.348962) can0 7E2#004111EB
(009.356009) can0 7E1#0201495555555555
(009.356896) can0 7E0#004149EB00
(009.363919) can0 7E5#0201F65555555555
(009.365845) can0 7E4#0041F600
(009.372857) can0 7E3#02010D5555555555
(009.374960) can0 7E2#00410DEB
(009.382028) can0 7E1#0201495555555555
(009.383964) can0 7E0#004149EA00
(009.389980) can0 7E5#0201F65555555555
(009.391916) can0 7E4#0041F600
(009.397975) can0 7E9#0201F45555555555
(009.399947) can0 7E8#0041F40000
(009.407823) can0 7E1#0201495555555555
(009.408803) can0 7E0#004149E900
(009.415885) can0 7E5#0201F65555555555
(009.417809) can0 7E4#0041F600
(009.422827) can0 7E7#0201F55555555555
(009.423780) can0 7E6#0041F500
(009.433948) can0 7E1#0201495555555555
(009.435913) can0 7E0#004149E700
(009.441943) can0 7E5#0201F65555555555
(009.443897) can0 7E4#0041F600
(009.447966) can0 7E3#0201115555555555
(009.448936) can0 7E2#004111E6
(009.459943) can0 7E1#0201495555555555
(009.460948) can0 7E0#004149E600
(009.467817) can0 7E5#0201F65555555555
(009.469757) can0 7E4#0041F600
(009.473813) can0 7E3#02010D5555555555
(009.474762) can0 7E2#00410DE6
(009.485923) can0 7E1#0201495555555555
(009.487907) can0 7E0#004149E400
(009.493923) can0 7E5#0201F65555555555
(009.495877) can0 7E4#0041F600
(009.498903) can0 7E9#0201F45555555555
(009.501886) can0 7E8#0041F40000
(009.511902) can0 7E1#0201495555555555
(009.512921) can0 7E0#004149E300
(009.519913) can0 7E5#0201F65555555555
(009.521840) can0 7E4#0041F600
(009.523924) can0 7E7#0201F55555555555
(009.525772) can0 7E6#0041F500
(009.537826) can0 7E1#0201495555555555
(009.539936) can0 7E0#004149E200
(009.545797) can0 7E5#0201F65555555555
(009.547759) can0 7E4#0041F600
(009.548822) can0 7E3#0201115555555555
(009.550767) can0 7E2#004111E1
(009.563938) can0 7E1#0201495555555555
(009.564884) can0 7E0#004149E100
(009.571916) can0 7E5#0201F65555555555
(009.573864) can0 7E4#0041F600
(009.574802) can0 7E3#02010D5555555555
(009.576756) can0 7E2#00410DE1
(009.589811) can0 7E1#0201495555555555
(009.591743) can0 7E0#004149DF00
(009.597763) can0 7E5#0201F65555555555
(009.599735) can0 7E4#0041F600
(009.600788) can0 7E9#0201F45555555555
(009.602747) can0 7E8#0041F40000
(009.615752) can0 7E1#0201495555555555
(009.616759) can0 7E0#004149DE00
(009.623733) can0 7E5#0201F65555555555
(009.625713) can0 7E7#0201F55555555555
(009.625871) can0 7E4#0041F600
(009.626694) can0 7E6#0041F500
(009.641753) can0 7E1#0201495555555555
(009.643747) can0 7E0#004149DD00
(009.649719) can0 7E5#0201F65555555555
(009.650864) can0 7E3#0201115555555555
(009.651835) can0 7E2#004111DC
(009.652001) can0 7E4#0041F600
(009.667832) can0 7E1#0201495555555555
(009.668710) can0 7E0#004149DB00
(009.675825) can0 7E5#0201F65555555555
(009.677713) can0 7E3#02010D5555555555
(009.677885) can0 7E4#0041F600
(009.678692) can0 7E2#00410DDB
(009.693694) can0 7E1#0201495555555555
(009.695749) can0 7E0#004149DA00
(009.701739) can0 7E5#0201F65555555555
(009.702713) can0 7E9#0201F45555555555
(009.703776) can0 7E4#0041F600
(009.705696) can0 7E8#0041F40000
(009.719795) can0 7E1#0201495555555555
(009.720660) can0 7E0#004149D900
(009.727787) can0 7E7#0201F55555555555
(009.728007) can0 7E5#0201F65555555555
(009.729722) can0 7E4#0041F600
(009.729896) can0 7E6#0041F500
(009.745822) can0 7E1#0201495555555555
(009.747601) can0 7E0#004149D700
(009.752758) can0 7E3#0201115555555555
(009.753813) can0 7E5#0201F65555555555
(009.754757) can0 7E2#004111D7
(009.755663) can0 7E4#0041F600
(009.771776) can0 7E1#0201495555555555
(009.772767) can0 7E0#004149D600
(009.778638) can0 7E3#02010D5555555555
(009.779658) can0 7E5#0201F65555555555
(009.780619) can0 7E2#00410DD6
(009.781607) can0 7E4#0041F600
(009.797654) can0 7E1#0201495555555555
(009.799616) can0 7E0#004149D500
(009.803762) can0 7E9#0201F45555555555
(009.805680) can0 7E5#0201F65555555555
(009.805871) can0 7E8#0041F40000
(009.807698) can0 7E4#0041F600
(009.823737) can0 7E1#0201495555555555
(009.824934) can0 7E0#004149D300
(009.828704) can0 7E7#0201F55555555555
(009.829732) can0 7E6#0041F500
(009.831710) can0 7E5#0201F65555555555
(009.833670) can0 7E4#0041F600
(009.849732) can0 7E1#0201495555555555
(009.851734) can0 7E0#004149D200
(009.853694) can0 7E3#0201115555555555
(009.854656) can0 7E2#004111D2
(009.857760) can0 7E5#0201F65555555555
(009.859730) can0 7E4#0041F600
(009.875619) can0 7E1#0201495555555555
(009.876643) can0 7E0#004149D100
(009.879589) can0 7E3#02010D5555555555
(009.880583) can0 7E2#00410DD1
(009.883609) can0 7E5#0201F65555555555
(009.885550) can0 7E4#0041F600
(009.901712) can0 7E1#0201495555555555
(009.903578) can0 7E0#004149CF00
(009.904603) can0 7E9#0201F45555555555
(009.907558) can0 7E8#0041F40000
(009.909598) can0 7E5#0201F65555555555
(009.911536) can0 7E4#0041F600
(009.927567) can0 7E1#0201495555555555
(009.928569) can0 7E0#004149CE00
(009.929610) can0 7E7#0201F55555555555
(009.931519) can0 7E6#0041F500
(009.935591) can0 7E5#0201F65555555555
(009.937518) can0 7E4#0041F600
(009.953576) can0 7E1#0201495555555555
(009.954608) can0 7E3#0201115555555555
(009.955576) can0 7E0#004149CD00
(009.956509) can0 7E2#004111CC
(009.961699) can0 7E5#0201F65555555555
(009.963641) can0 7E4#0041F600
(009.979576) can0 7E1#0201495555555555
(009.980575) can0 7E3#02010D5555555555
(009.980760) can0 7E0#004149CB00
(009.982532) can0 7E2#00410DCC
(009.987562) can0 7E5#0201F65555555555
(009.989612) can0 7E4#0041F600
(010.005671) can0 7E1#0201495555555555
(010.005903) can0 7E9#0201F45555555555
(010.007627) can0 7E8#0041F40000
(010.007812) can0 7E0#004149CA00
(010.013527) can0 7E5#0201F65555555555
(010.015487) can0 7E4#0041F600
(010.030550) can0 7E7#0201F55555555555
(010.031552) can0 7E1#0201495555555555
(010.031733) can0 7E6#0041F500
(010.032496) can0 7E0#004149C900
(010.039568) can0 7E5#0201F65555555555
(010.041498) can0 7E4#0041F600
(010.055627) can0 7E3#0201115555555555
(010.056642) can0 7E2#004111C7
(010.057656) can0 7E1#0201495555555555
(010.059486) can0 7E0#004149C700
(010.065503) can0 7E5#0201F65555555555
(010.067446) can0 7E4#0041F600
(010.081626) can0 7E3#02010D5555555555
(010.082628) can0 7E2#00410DC7
(010.083660) can0 7E1#0201495555555555
(010.084573) can0 7E0#004149C600
(010.091492) can0 7E5#0201F65555555555
(010.093417) can0 7E4#0041F600
(010.106494) can0 7E9#0201F45555555555
(010.109456) can0 7E1#0201495555555555
(010.109653) can0 7E8#0041F40000
(010.111440) can0 7E0#004149C500
(010.117454) can0 7E5#0201F65555555555
(010.119403) can0 7E4#0041F600
(010.131511) can0 7E7#0201F55555555555
(010.133532) can0 7E6#0041F500
(010.135592) can0 7E1#0201495555555555
(010.136575) can0 7E0#004149C300
(010.143575) can0 7E5#0201F65555555555
(010.145558) can0 7E4#0041F600
(010.156480) can0 7E3#0201115555555555
(010.158402) can0 7E2#004111C2
(010.161446) can0 7E1#0201495555555555
(010.163412) can0 7E0#004149C200
(010.169473) can0 7E5#0201F65555555555
(010.171398) can0 7E4#0041F600
(010.182563) can0 7E3#02010D5555555555
(010.184543) can0 7E2#00410DC1
(010.187551) can0 7E1#0201495555555555
(010.188579) can0 7E0#004149C100
(010.195562) can0 7E5#0201F65555555555
(010.197496) can0 7E4#0041F600
(010.207417) can0 7E9#0201F45555555555
(010.209384) can0 7E8#0041F40000
(010.213412) can0 7E1#0201495555555555
(010.215388) can0 7E0#004149BF00
(010.221427) can0 7E5#0201F65555555555
(010.223376) can0 7E4#0041F600
(010.232533) can0 7E7#0201F55555555555
(010.233505) can0 7E6#0041F500
(010.239528) can0 7E1#0201495555555555
(010.240557) can0 7E0#004149BE00
(010.247433) can0 7E5#0201F65555555555
(010.249349) can0 7E4#0041F600
(010.257419) can0 7E3#0201115555555555
(010.258352) can0 7E2#004111BD
(010.265499) can0 7E1#0201495555555555
(010.267514) can0 7E0#004149BD00
(010.273532) can0 7E5#0201F65555555555
(010.275481) can0 7E4#0041F600
(010.283419) can0 7E3#02010D5555555555
(010.284507) can0 7E2#00410DBC
(010.291501) can0 7E1#0201495555555555
(010.292531) can0 7E0#004149BB00
(010.299383) can0 7E5#0201F65555555555
(010.301311) can0 7E4#0041F600
(010.308338) can0 7E9#0201F45555555555
(010.311382) can0 7E8#0041F40000
(010.317361) can0 7E1#0201495555555555
(010.319317) can0 7E0#004149BA00
(010.325381) can0 7E5#0201F65555555555
(010.327299) can0 7E4#0041F600
(010.333492) can0 7E7#0201F55555555555
(010.335417) can0 7E6#0041F500
(010.343381) can0 7E1#0201495555555555
(010.344335) can0 7E0#004149B900
(010.351376) can0 7E5#0201F65555555555
(010.353308) can0 7E4#0041F600
(010.358467) can0 7E3#0201115555555555
(010.360441) can0 7E2#004111B8
(010.369500) can0 7E1#0201495555555555
(010.371449) can0 7E0#004149B700
(010.377465) can0 7E5#0201F65555555555
(010.379353) can0 7E4#0041F600
(010.384361) can0 7E3#02010D5555555555
(010.386327) can0 7E2#00410DB7
(010.395300) can0 7E1#0201495555555555
(010.396319) can0 7E0#004149B600
(010.403330) can0 7E5#0201F65555555555
(010.405259) can0 7E4#0041F600
(010.409278) can0 7E9#0201F45555555555
(010.411278) can0 7E8#0041F40000
(010.421406) can0 7E1#0201495555555555
(010.423383) can0 7E0#004149B500
(010.429415) can0 7E5#0201F65555555555
(010.431348) can0 7E4#0041F600
(010.434316) can0 7E7#0201F55555555555
(010.435236) can0 7E6#0041F500
(010.447382) can0 7E1#0201495555555555
(010.448378) can0 7E0#004149B400
(010.455367) can0 7E5#0201F65555555555
(010.457319) can0 7E4#0041F600
(010.459380) can0 7E3#0201115555555555
(010.460364) can0 7E2#004111B3
(010.473373) can0 7E1#0201495555555555
(010.475365) can0 7E0#004149B200
(010.481293) can0 7E5#0201F65555555555
(010.483204) can0 7E4#0041F600
(010.485275) can0 7E3#02010D5555555555
(010.486315) can0 7E2#00410DB2
(010.499238) can0 7E1#0201495555555555
(010.500246) can0 7E0#004149B100
(010.507348) can0 7E5#0201F65555555555
(010.509274) can0 7E4#0041F600
(010.510352) can0 7E9#0201F45555555555
(010.513289) can0 7E8#0041F40000
(010.525237) can0 7E1#0201495555555555
(010.527207) can0 7E0#004149AF00
(010.533219) can0 7E5#0201F65555555555
(010.535221) can0 7E7#0201F55555555555
(010.535383) can0 7E4#0041F600
(010.537138) can0 7E6#0041F500
(010.551342) can0 7E1#0201495555555555
(010.552307) can0 7E0#004149AE00
(010.559314) can0 7E5#0201F65555555555
(010.560333) can0 7E3#0201115555555555
(010.561228) can0 7E4#0041F600
(010.562224) can0 7E2#004111AD
(010.577263) can0 7E1#0201495555555555
(010.579221) can0 7E0#004149AD00
(010.585289) can0 7E5#0201F65555555555
(010.586321) can0 7E3#02010D5555555555
(010.587318) can0 7E4#0041F600
(010.588222) can0 7E2#00410DAD
(010.603269) can0 7E1#0201495555555555
(010.604248) can0 7E0#004149AC00
(010.611372) can0 7E9#0201F45555555555
(010.611593) can0 7E5#0201F65555555555
(010.613311) can0 7E8#0041F40000
(010.613488) can0 7E4#0041F600
(010.629259) can0 7E1#0201495555555555
(010.631190) can0 7E0#004149AA00
(010.636216) can0 7E7#0201F55555555555
(010.637262) can0 7E5#0201F65555555555
(010.637437) can0 7E6#0041F500
(010.639215) can0 7E4#0041F600
(010.655351) can0 7E1#0201495555555555
(010.656295) can0 7E0#004149A900
(010.661328) can0 7E3#0201115555555555
(010.662320) can0 7E2#004111A8
(010.663248) can0 7E5#0201F65555555555
(010.665300) can0 7E4#0041F600
(010.682230) can0 7E1#0201495555555555
(010.684175) can0 7E0#004149A700
(010.687186) can0 7E3#02010D5555555555
(010.688168) can0 7E2#00410DA8
(010.689236) can0 7E5#0201F65555555555
(010.691318) can0 7E4#0041F600
(010.707325) can0 7E1#0201495555555555
(010.708349) can0 7E0#004149A600
(010.712317) can0 7E9#0201F45555555555
(010.715311) can0 7E5#0201F65555555555
(010.715498) can0 7E8#0041F40000
(010.717151) can0 7E4#0041F600
(010.733162) can0 7E1#0201495555555555
(010.735173) can0 7E0#004149A500
(010.737188) can0 7E7#0201F55555555555
(010.739147) can0 7E6#0041F500
(010.741171) can0 7E5#0201F65555555555
(010.743119) can0 7E4#0041F600
(010.759230) can0 7E1#0201495555555555
(010.760223) can0 7E0#004149A400
(010.762118) can0 7E3#0201115555555555
(010.764021) can0 7E2#004111A3
(010.767067) can0 7E5#0201F65555555555
(010.769040) can0 7E4#0041F600
(010.785293) can0 7E1#0201495555555555
(010.787241) can0 7E0#004149A200
(010.788302) can0 7E3#02010D5555555555
(010.790259) can0 7E2#00410DA3
(010.793146) can0 7E5#0201F65555555555
(010.795115) can0 7E4#0041F600
(010.811127) can0 7E1#0201495555555555
(010.812117) can0 7E0#004149A100
(010.813140) can0 7E9#0201F45555555555
(010.815122) can0 7E8#0041F40000
(010.819118) can0 7E5#0201F65555555555
(010.821047) can0 7E4#0041F600
(010.837135) can0 7E1#0201495555555555
(010.838115) can0 7E7#0201F55555555555
(010.839108) can0 7E6#0041F500
(010.839303) can0 7E0#004149A000
(010.845068) can0 7E5#0201F65555555555
(010.847038) can0 7E4#0041F600
(010.863055) can0 7E1#0201495555555555
(010.863288) can0 7E3#0201115555555555
(010.864036) can0 7E0#0041499E00
(010.864204) can0 7E2#0041119E
(010.871043) can0 7E5#0201F65555555555
(010.872983) can0 7E4#0041F600
(010.889039) can0 7E3#02010D5555555555
(010.889269) can0 7E1#0201495555555555
(010.890047) can0 7E2#00410D9D
(010.891030) can0 7E0#0041499D00
(010.897058) can0 7E5#0201F65555555555
(010.898984) can0 7E4#0041F600
(010.914009) can0 7E9#0201F45555555555
(010.915034) can0 7E1#0201495555555555
(010.915968) can0 7E0#0041499C00
(010.917064) can0 7E8#0041F40000
(010.922989) can0 7E5#0201F65555555555
(010.924977) can0 7E4#0041F600
(010.939124) can0 7E7#0201F55555555555
(010.941046) can0 7E6#0041F500
(010.941274) can0 7E1#0201495555555555
(010.943094) can0 7E0#0041499A00
(010.948956) can0 7E5#0201F65555555555
(010.950885) can0 7E4#0041F600
(010.964083) can0 7E3#0201115555555555
(010.965896) can0 7E2#00411199
(010.966974) can0 7E1#0201495555555555
(010.967939) can0 7E0#0041499900
(010.975137) can0 7E5#0201F65555555555
(010.977084) can0 7E4#0041F600
(010.990122) can0 7E3#02010D5555555555
(010.992090) can0 7E2#00410D98
(010.993166) can0 7E1#0201495555555555
(010.995273) can0 7E0#0041499800
(011.001115) can0 7E5#0201F65555555555
(011.003023) can0 7E4#0041F600
(011.015093) can0 7E9#0201F45555555555
(011.017134) can0 7E8#0041F40000
(011.019088) can0 7E1#0201495555555555
(011.020153) can0 7E0#0041499600
(011.027011) can0 7E5#0201F65555555555
(011.028963) can0 7E4#0041F600
(011.040123) can0 7E7#0201F55555555555
(011.041107) can0 7E6#0041F500
(011.045024) can0 7E1#0201495555555555
(011.046984) can0 7E0#0041499500
(011.052996) can0 7E5#0201F65555555555
(011.054952) can0 7E4#0041F600
(011.065119) can0 7E3#0201115555555555
(011.066144) can0 7E2#00411194
(011.071116) can0 7E1#0201495555555555
(011.072123) can0 7E0#0041499400
(011.079035) can0 7E5#0201F65555555555
(011.080983) can0 7E4#0041F600
(011.091042) can0 7E3#02010D5555555555
(011.091974) can0 7E2#00410D93
(011.096978) can0 7E1#0201495555555555
(011.098953) can0 7E0#0041499200
(011.105998) can0 7E5#0201F65555555555
(011.107906) can0 7E4#0041F600
(011.115975) can0 7E9#0201F45555555555
(011.119068) can0 7E8#0041F40000
(011.122970) can0 7E1#0201495555555555
(011.123945) can0 7E0#0041499100
(011.131081) can0 7E5#0201F65555555555
(011.133059) can0 7E4#0041F600
(011.140982) can0 7E7#0201F55555555555
(011.142891) can0 7E6#0041F500
(011.148938) can0 7E1#0201495555555555
(011.150890) can0 7E0#0041499000
(011.157956) can0 7E5#0201F65555555555
(011.159890) can0 7E4#0041F600
(011.166062) can0 7E3#0201115555555555
(011.167912) can0 7E2#0041118F
(011.175068) can0 7E1#0201495555555555
(011.176031) can0 7E0#0041498E00
(011.184931) can0 7E5#0201F65555555555
(011.186859) can0 7E4#0041F600
(011.191912) can0 7E3#02010D5555555555
(011.193903) can0 7E2#00410D8E
(011.200996) can0 7E1#0201495555555555
(011.203036) can0 7E0#0041498D00
(011.211029) can0 7E5#0201F65555555555
(011.212949) can0 7E4#0041F600
(011.217065) can0 7E9#0201F45555555555
(011.220015) can0 7E8#0041F40000
(011.227028) can0 7E1#0201495555555555
(011.228028) can0 7E0#0041498C00
(011.236929) can0 7E5#0201F65555555555
(011.238837) can0 7E4#0041F600
(011.241904) can0 7E7#0201F55555555555
(011.242843) can0 7E6#0041F500
(011.252928) can0 7E1#0201495555555555
(011.254861) can0 7E0#0041498A00
(011.263029) can0 7E5#0201F65555555555
(011.265928) can0 7E4#0041F600
(011.267987) can0 7E3#0201115555555555
(011.269855) can0 7E2#00411189
(011.278913) can0 7E1#0201495555555555
(011.279839) can0 7E0#0041498900
(011.288955) can0 7E5#0201F65555555555
(011.290910) can0 7E4#0041F600
(011.294866) can0 7E3#02010D5555555555
(011.295791) can0 7E2#00410D89
(011.304954) can0 7E1#0201495555555555
(011.307919) can0 7E0#0041498800
(011.314950) can0 7E5#0201F65555555555
(011.316870) can0 7E4#0041F600
(011.319942) can0 7E9#0201F45555555555
(011.322905) can0 7E8#0041F40000
(011.330831) can0 7E1#0201495555555555
(011.331789) can0 7E0#0041498600
(011.340864) can0 7E5#0201F65555555555
(011.342892) can0 7E4#0041F600
(011.344937) can0 7E7#0201F55555555555
(011.347045) can0 7E6#0041F500
(011.356922) can0 7E1#0201495555555555
(011.358893) can0 7E0#0041498500
(011.366911) can0 7E5#0201F65555555555
(011.368854) can0 7E4#0041F600
(011.369941) can0 7E3#0201115555555555
(011.371721) can0 7E2#00411184
(011.382889) can0 7E1#0201495555555555
(011.383911) can0 7E0#0041498400
(011.392891) can0 7E5#0201F65555555555
(011.394862) can0 7E4#0041F600
(011.395926) can0 7E3#02010D5555555555
(011.397867) can0 7E2#00410D83
(011.408766) can0 7E1#0201495555555555
(011.410771) can0 7E0#0041498200
(011.418765) can0 7E5#0201F65555555555
(011.420702) can0 7E4#0041F600
(011.421746) can0 7E9#0201F45555555555
(011.423764) can0 7E8#0041F40000
(011.434793) can0 7E1#0201495555555555
(011.435751) can0 7E0#0041498100
(011.444883) can0 7E5#0201F65555555555
(011.445909) can0 7E7#0201F55555555555
(011.446688) can0 7E6#0041F500
(011.446858) can0 7E4#0041F600
(011.460870) can0 7E1#0201495555555555
(011.462828) can0 7E0#0041498000
(011.470737) can0 7E5#0201F65555555555
(011.471743) can0 7E3#0201115555555555
(011.472767) can0 7E2#0041117F
(011.472938) can0 7E4#0041F600
(011.486856) can0 7E1#0201495555555555
(011.487830) can0 7E0#0041497E00
(011.496741) can0 7E5#0201F65555555555
(011.497725) can0 7E3#02010D5555555555
(011.498657) can0 7E2#00410D7E
(011.498827) can0 7E4#0041F600
(011.512822) can0 7E1#0201495555555555
(011.514708) can0 7E0#0041497D00
(011.522726) can0 7E9#0201F45555555555
(011.522956) can0 7E5#0201F65555555555
(011.524658) can0 7E4#0041F600
(011.525760) can0 7E8#0041F40000
(011.538819) can0 7E1#0201495555555555
(011.539801) can0 7E0#0041497C00
(011.547747) can0 7E7#0201F55555555555
(011.548713) can0 7E5#0201F65555555555
(011.549698) can0 7E6#0041F500
(011.550666) can0 7E4#0041F600
(011.564680) can0 7E1#0201495555555555
(011.566673) can0 7E0#0041497A00
(011.572811) can0 7E3#0201115555555555
(011.574615) can0 7E2#0041117A
(011.574846) can0 7E5#0201F65555555555
(011.576616) can0 7E4#0041F600
(011.590701) can0 7E1#0201495555555555
(011.591789) can0 7E0#0041497900
(011.598678) can0 7E3#02010D5555555555
(011.600661) can0 7E5#0201F65555555555
(011.600833) can0 7E2#00410D79
(011.602627) can0 7E4#0041F600
(011.616725) can0 7E1#0201495555555555
(011.618680) can0 7E0#0041497800
(011.623778) can0 7E9#0201F45555555555
(011.625721) can0 7E8#0041F40000
(011.626797) can0 7E5#0201F65555555555
(011.628720) can0 7E4#0041F600
(011.642747) can0 7E1#0201495555555555
(011.643752) can0 7E0#0041497700
(011.648761) can0 7E7#0201F55555555555
(011.649713) can0 7E6#0041F500
(011.652634) can0 7E5#0201F65555555555
(011.654562) can0 7E4#0041F600
(011.668639) can0 7E1#0201495555555555
(011.670702) can0 7E0#0041497500
(011.673748) can0 7E3#0201115555555555
(011.674695) can0 7E2#00411175
